[0615/134735.653:ERROR:process_memory_win.cc(73)] ReadMemory at 0x827115e000 of 852 bytes failed: 仅完成部分的 ReadProcessMemory 或 WriteProcessMemory 请求。 (0x12B)
[0615/134735.743:ERROR:process_snapshot_win.cc(389)] ReadMemory PEB
[0615/134735.743:ERROR:process_memory_win.cc(73)] ReadMemory at 0x7ff73f9a0000 of 64 bytes failed: 仅完成部分的 ReadProcessMemory 或 WriteProcessMemory 请求。 (0x12B)
[0615/134735.743:WARNING:pe_image_reader.cc(340)] could not read dos header from C:\Program Files (x86)\Google\Chrome\Application\chrome.exe
[0615/134735.743:ERROR:process_memory_win.cc(73)] ReadMemory at 0x7ff73f9a0000 of 64 bytes failed: 仅完成部分的 ReadProcessMemory 或 WriteProcessMemory 请求。 (0x12B)
[0615/134735.743:WARNING:pe_image_reader.cc(340)] could not read dos header from C:\Program Files (x86)\Google\Chrome\Application\chrome.exe
[0615/134735.756:ERROR:process_memory_win.cc(73)] ReadMemory at 0x7ff9ac780000 of 64 bytes failed: 仅完成部分的 ReadProcessMemory 或 WriteProcessMemory 请求。 (0x12B)
[0615/134735.756:WARNING:pe_image_reader.cc(340)] could not read dos header from C:\WINDOWS\SYSTEM32\ntdll.dll
[0615/134735.756:ERROR:process_memory_win.cc(73)] ReadMemory at 0x7ff9ac780000 of 64 bytes failed: 仅完成部分的 ReadProcessMemory 或 WriteProcessMemory 请求。 (0x12B)
[0615/134735.757:WARNING:pe_image_reader.cc(340)] could not read dos header from C:\WINDOWS\SYSTEM32\ntdll.dll
[0615/134735.757:ERROR:process_memory_win.cc(73)] ReadMemory at 0x7ff9abac0000 of 64 bytes failed: 仅完成部分的 ReadProcessMemory 或 WriteProcessMemory 请求。 (0x12B)
[0615/134735.757:WARNING:pe_image_reader.cc(340)] could not read dos header from C:\WINDOWS\System32\KERNEL32.DLL
[0615/134735.757:ERROR:process_memory_win.cc(73)] ReadMemory at 0x7ff9abac0000 of 64 bytes failed: 仅完成部分的 ReadProcessMemory 或 WriteProcessMemory 请求。 (0x12B)
[0615/134735.757:WARNING:pe_image_reader.cc(340)] could not read dos header from C:\WINDOWS\System32\KERNEL32.DLL
[0615/134735.757:ERROR:process_memory_win.cc(73)] ReadMemory at 0x7ff9aa390000 of 64 bytes failed: 仅完成部分的 ReadProcessMemory 或 WriteProcessMemory 请求。 (0x12B)
[0615/134735.757:WARNING:pe_image_reader.cc(340)] could not read dos header from C:\WINDOWS\System32\KERNELBASE.dll
[0615/134735.757:ERROR:process_memory_win.cc(73)] ReadMemory at 0x7ff9aa390000 of 64 bytes failed: 仅完成部分的 ReadProcessMemory 或 WriteProcessMemory 请求。 (0x12B)
[0615/134735.757:WARNING:pe_image_reader.cc(340)] could not read dos header from C:\WINDOWS\System32\KERNELBASE.dll
[0615/134735.757:ERROR:process_memory_win.cc(73)] ReadMemory at 0x7ff971690000 of 64 bytes failed: 仅完成部分的 ReadProcessMemory 或 WriteProcessMemory 请求。 (0x12B)
[0615/134735.757:WARNING:pe_image_reader.cc(340)] could not read dos header from C:\Program Files (x86)\Google\Chrome\Application\81.0.4044.138\chrome_elf.dll
[0615/134735.757:ERROR:process_memory_win.cc(73)] ReadMemory at 0x7ff971690000 of 64 bytes failed: 仅完成部分的 ReadProcessMemory 或 WriteProcessMemory 请求。 (0x12B)
[0615/134735.757:WARNING:pe_image_reader.cc(340)] could not read dos header from C:\Program Files (x86)\Google\Chrome\Application\81.0.4044.138\chrome_elf.dll
[0615/134735.757:ERROR:process_memory_win.cc(73)] ReadMemory at 0x7ff9a3e40000 of 64 bytes failed: 仅完成部分的 ReadProcessMemory 或 WriteProcessMemory 请求。 (0x12B)
[0615/134735.757:WARNING:pe_image_reader.cc(340)] could not read dos header from C:\WINDOWS\SYSTEM32\VERSION.dll
[0615/134735.757:ERROR:process_memory_win.cc(73)] ReadMemory at 0x7ff9a3e40000 of 64 bytes failed: 仅完成部分的 ReadProcessMemory 或 WriteProcessMemory 请求。 (0x12B)
[0615/134735.757:WARNING:pe_image_reader.cc(340)] could not read dos header from C:\WINDOWS\SYSTEM32\VERSION.dll
[0615/134735.757:ERROR:process_memory_win.cc(73)] ReadMemory at 0x7ff9ac300000 of 64 bytes failed: 仅完成部分的 ReadProcessMemory 或 WriteProcessMemory 请求。 (0x12B)
[0615/134735.757:WARNING:pe_image_reader.cc(340)] could not read dos header from C:\WINDOWS\System32\msvcrt.dll
[0615/134735.757:ERROR:process_memory_win.cc(73)] ReadMemory at 0x7ff9ac300000 of 64 bytes failed: 仅完成部分的 ReadProcessMemory 或 WriteProcessMemory 请求。 (0x12B)
[0615/134735.757:WARNING:pe_image_reader.cc(340)] could not read dos header from C:\WINDOWS\System32\msvcrt.dll
[0615/134735.757:ERROR:process_memory_win.cc(73)] ReadMemory at 0x7ff9a99b0000 of 64 bytes failed: 仅完成部分的 ReadProcessMemory 或 WriteProcessMemory 请求。 (0x12B)
[0615/134735.757:WARNING:pe_image_reader.cc(340)] could not read dos header from C:\WINDOWS\System32\bcryptPrimitives.dll
[0615/134735.757:ERROR:process_memory_win.cc(73)] ReadMemory at 0x7ff9a99b0000 of 64 bytes failed: 仅完成部分的 ReadProcessMemory 或 WriteProcessMemory 请求。 (0x12B)
[0615/134735.757:WARNING:pe_image_reader.cc(340)] could not read dos header from C:\WINDOWS\System32\bcryptPrimitives.dll
[0615/134735.757:ERROR:process_memory_win.cc(73)] ReadMemory at 0x7ff9aaca0000 of 64 bytes failed: 仅完成部分的 ReadProcessMemory 或 WriteProcessMemory 请求。 (0x12B)
[0615/134735.757:WARNING:pe_image_reader.cc(340)] could not read dos header from C:\WINDOWS\System32\ADVAPI32.dll
[0615/134735.757:ERROR:process_memory_win.cc(73)] ReadMemory at 0x7ff9aaca0000 of 64 bytes failed: 仅完成部分的 ReadProcessMemory 或 WriteProcessMemory 请求。 (0x12B)
[0615/134735.757:WARNING:pe_image_reader.cc(340)] could not read dos header from C:\WINDOWS\System32\ADVAPI32.dll
[0615/134735.757:ERROR:process_memory_win.cc(73)] ReadMemory at 0x7ff9abd30000 of 64 bytes failed: 仅完成部分的 ReadProcessMemory 或 WriteProcessMemory 请求。 (0x12B)
[0615/134735.757:WARNING:pe_image_reader.cc(340)] could not read dos header from C:\WINDOWS\System32\sechost.dll
[0615/134735.757:ERROR:process_memory_win.cc(73)] ReadMemory at 0x7ff9abd30000 of 64 bytes failed: 仅完成部分的 ReadProcessMemory 或 WriteProcessMemory 请求。 (0x12B)
[0615/134735.757:WARNING:pe_image_reader.cc(340)] could not read dos header from C:\WINDOWS\System32\sechost.dll
[0615/134735.757:ERROR:process_memory_win.cc(73)] ReadMemory at 0x7ff9aa840000 of 64 bytes failed: 仅完成部分的 ReadProcessMemory 或 WriteProcessMemory 请求。 (0x12B)
[0615/134735.757:WARNING:pe_image_reader.cc(340)] could not read dos header from C:\WINDOWS\System32\RPCRT4.dll
[0615/134735.758:ERROR:process_memory_win.cc(73)] ReadMemory at 0x7ff9aa840000 of 64 bytes failed: 仅完成部分的 ReadProcessMemory 或 WriteProcessMemory 请求。 (0x12B)
[0615/134735.758:WARNING:pe_image_reader.cc(340)] could not read dos header from C:\WINDOWS\System32\RPCRT4.dll
[0615/134735.758:ERROR:process_memory_win.cc(73)] ReadMemory at 0x7ff9366b0000 of 64 bytes failed: 仅完成部分的 ReadProcessMemory 或 WriteProcessMemory 请求。 (0x12B)
[0615/134735.758:WARNING:pe_image_reader.cc(340)] could not read dos header from C:\Program Files (x86)\Google\Chrome\Application\81.0.4044.138\chrome.dll
[0615/134735.758:ERROR:process_memory_win.cc(73)] ReadMemory at 0x7ff9366b0000 of 64 bytes failed: 仅完成部分的 ReadProcessMemory 或 WriteProcessMemory 请求。 (0x12B)
[0615/134735.758:WARNING:pe_image_reader.cc(340)] could not read dos header from C:\Program Files (x86)\Google\Chrome\Application\81.0.4044.138\chrome.dll
[0615/134735.758:ERROR:process_memory_win.cc(73)] ReadMemory at 0x7ff9abbc0000 of 64 bytes failed: 仅完成部分的 ReadProcessMemory 或 WriteProcessMemory 请求。 (0x12B)
[0615/134735.758:WARNING:pe_image_reader.cc(340)] could not read dos header from C:\WINDOWS\System32\WS2_32.dll
[0615/134735.758:ERROR:process_memory_win.cc(73)] ReadMemory at 0x7ff9abbc0000 of 64 bytes failed: 仅完成部分的 ReadProcessMemory 或 WriteProcessMemory 请求。 (0x12B)
[0615/134735.758:WARNING:pe_image_reader.cc(340)] could not read dos header from C:\WINDOWS\System32\WS2_32.dll
[0615/134735.758:ERROR:process_memory_win.cc(73)] ReadMemory at 0x7ff9abc30000 of 64 bytes failed: 仅完成部分的 ReadProcessMemory 或 WriteProcessMemory 请求。 (0x12B)
[0615/134735.758:WARNING:pe_image_reader.cc(340)] could not read dos header from C:\WINDOWS\System32\OLEAUT32.dll
[0615/134735.758:ERROR:process_memory_win.cc(73)] ReadMemory at 0x7ff9abc30000 of 64 bytes failed: 仅完成部分的 ReadProcessMemory 或 WriteProcessMemory 请求。 (0x12B)
[0615/134735.758:WARNING:pe_image_reader.cc(340)] could not read dos header from C:\WINDOWS\System32\OLEAUT32.dll
[0615/134735.758:ERROR:process_memory_win.cc(73)] ReadMemory at 0x7ff9aa640000 of 64 bytes failed: 仅完成部分的 ReadProcessMemory 或 WriteProcessMemory 请求。 (0x12B)
[0615/134735.758:WARNING:pe_image_reader.cc(340)] could not read dos header from C:\WINDOWS\System32\msvcp_win.dll
[0615/134735.758:ERROR:process_memory_win.cc(73)] ReadMemory at 0x7ff9aa640000 of 64 bytes failed: 仅完成部分的 ReadProcessMemory 或 WriteProcessMemory 请求。 (0x12B)
[0615/134735.758:WARNING:pe_image_reader.cc(340)] could not read dos header from C:\WINDOWS\System32\msvcp_win.dll
[0615/134735.758:ERROR:process_memory_win.cc(73)] ReadMemory at 0x7ff9a9ac0000 of 64 bytes failed: 仅完成部分的 ReadProcessMemory 或 WriteProcessMemory 请求。 (0x12B)
[0615/134735.758:WARNING:pe_image_reader.cc(340)] could not read dos header from C:\WINDOWS\System32\ucrtbase.dll
[0615/134735.758:ERROR:process_memory_win.cc(73)] ReadMemory at 0x7ff9a9ac0000 of 64 bytes failed: 仅完成部分的 ReadProcessMemory 或 WriteProcessMemory 请求。 (0x12B)
[0615/134735.758:WARNING:pe_image_reader.cc(340)] could not read dos header from C:\WINDOWS\System32\ucrtbase.dll
[0615/134735.758:ERROR:process_memory_win.cc(73)] ReadMemory at 0x7ff9aa960000 of 64 bytes failed: 仅完成部分的 ReadProcessMemory 或 WriteProcessMemory 请求。 (0x12B)
[0615/134735.758:WARNING:pe_image_reader.cc(340)] could not read dos header from C:\WINDOWS\System32\combase.dll
[0615/134735.758:ERROR:process_memory_win.cc(73)] ReadMemory at 0x7ff9aa960000 of 64 bytes failed: 仅完成部分的 ReadProcessMemory 或 WriteProcessMemory 请求。 (0x12B)
[0615/134735.758:WARNING:pe_image_reader.cc(340)] could not read dos header from C:\WINDOWS\System32\combase.dll
[0615/134735.758:ERROR:process_memory_win.cc(73)] ReadMemory at 0x7ff9a9a60000 of 64 bytes failed: 仅完成部分的 ReadProcessMemory 或 WriteProcessMemory 请求。 (0x12B)
[0615/134735.758:WARNING:pe_image_reader.cc(340)] could not read dos header from C:\WINDOWS\System32\WINTRUST.dll
[0615/134735.758:ERROR:process_memory_win.cc(73)] ReadMemory at 0x7ff9a9a60000 of 64 bytes failed: 仅完成部分的 ReadProcessMemory 或 WriteProcessMemory 请求。 (0x12B)
[0615/134735.758:WARNING:pe_image_reader.cc(340)] could not read dos header from C:\WINDOWS\System32\WINTRUST.dll
[0615/134735.758:ERROR:process_memory_win.cc(73)] ReadMemory at 0x7ff9a96c0000 of 64 bytes failed: 仅完成部分的 ReadProcessMemory 或 WriteProcessMemory 请求。 (0x12B)
[0615/134735.758:WARNING:pe_image_reader.cc(340)] could not read dos header from C:\WINDOWS\System32\MSASN1.dll
[0615/134735.758:ERROR:process_memory_win.cc(73)] ReadMemory at 0x7ff9a96c0000 of 64 bytes failed: 仅完成部分的 ReadProcessMemory 或 WriteProcessMemory 请求。 (0x12B)
[0615/134735.758:WARNING:pe_image_reader.cc(340)] could not read dos header from C:\WINDOWS\System32\MSASN1.dll
[0615/134735.758:ERROR:process_memory_win.cc(73)] ReadMemory at 0x7ff9aa6e0000 of 64 bytes failed: 仅完成部分的 ReadProcessMemory 或 WriteProcessMemory 请求。 (0x12B)
[0615/134735.758:WARNING:pe_image_reader.cc(340)] could not read dos header from C:\WINDOWS\System32\CRYPT32.dll
[0615/134735.758:ERROR:process_memory_win.cc(73)] ReadMemory at 0x7ff9aa6e0000 of 64 bytes failed: 仅完成部分的 ReadProcessMemory 或 WriteProcessMemory 请求。 (0x12B)
[0615/134735.758:WARNING:pe_image_reader.cc(340)] could not read dos header from C:\WINDOWS\System32\CRYPT32.dll
[0615/134735.758:ERROR:process_memory_win.cc(73)] ReadMemory at 0x7ff9a8bc0000 of 64 bytes failed: 仅完成部分的 ReadProcessMemory 或 WriteProcessMemory 请求。 (0x12B)
[0615/134735.758:WARNING:pe_image_reader.cc(340)] could not read dos header from C:\WINDOWS\SYSTEM32\IPHLPAPI.DLL
[0615/134735.758:ERROR:process_memory_win.cc(73)] ReadMemory at 0x7ff9a8bc0000 of 64 bytes failed: 仅完成部分的 ReadProcessMemory 或 WriteProcessMemory 请求。 (0x12B)
[0615/134735.758:WARNING:pe_image_reader.cc(340)] could not read dos header from C:\WINDOWS\SYSTEM32\IPHLPAPI.DLL
[0615/134735.758:ERROR:process_memory_win.cc(73)] ReadMemory at 0x7ff9a5de0000 of 64 bytes failed: 仅完成部分的 ReadProcessMemory 或 WriteProcessMemory 请求。 (0x12B)
[0615/134735.758:WARNING:pe_image_reader.cc(340)] could not read dos header from C:\WINDOWS\SYSTEM32\WINMM.dll
[0615/134735.759:ERROR:process_memory_win.cc(73)] ReadMemory at 0x7ff9a5de0000 of 64 bytes failed: 仅完成部分的 ReadProcessMemory 或 WriteProcessMemory 请求。 (0x12B)
[0615/134735.759:WARNING:pe_image_reader.cc(340)] could not read dos header from C:\WINDOWS\SYSTEM32\WINMM.dll
[0615/134735.759:ERROR:process_memory_win.cc(73)] ReadMemory at 0x7ff9987c0000 of 64 bytes failed: 仅完成部分的 ReadProcessMemory 或 WriteProcessMemory 请求。 (0x12B)
[0615/134735.759:WARNING:pe_image_reader.cc(340)] could not read dos header from C:\WINDOWS\SYSTEM32\Secur32.dll
[0615/134735.759:ERROR:process_memory_win.cc(73)] ReadMemory at 0x7ff9987c0000 of 64 bytes failed: 仅完成部分的 ReadProcessMemory 或 WriteProcessMemory 请求。 (0x12B)
[0615/134735.759:WARNING:pe_image_reader.cc(340)] could not read dos header from C:\WINDOWS\SYSTEM32\Secur32.dll
[0615/134735.759:ERROR:process_memory_win.cc(73)] ReadMemory at 0x7ff9a9560000 of 64 bytes failed: 仅完成部分的 ReadProcessMemory 或 WriteProcessMemory 请求。 (0x12B)
[0615/134735.759:WARNING:pe_image_reader.cc(340)] could not read dos header from C:\WINDOWS\SYSTEM32\USERENV.dll
[0615/134735.759:ERROR:process_memory_win.cc(73)] ReadMemory at 0x7ff9a9560000 of 64 bytes failed: 仅完成部分的 ReadProcessMemory 或 WriteProcessMemory 请求。 (0x12B)
[0615/134735.759:WARNING:pe_image_reader.cc(340)] could not read dos header from C:\WINDOWS\SYSTEM32\USERENV.dll
[0615/134735.759:ERROR:process_memory_win.cc(73)] ReadMemory at 0x7ff9a96e0000 of 64 bytes failed: 仅完成部分的 ReadProcessMemory 或 WriteProcessMemory 请求。 (0x12B)
[0615/134735.759:WARNING:pe_image_reader.cc(340)] could not read dos header from C:\WINDOWS\System32\profapi.dll
[0615/134735.759:ERROR:process_memory_win.cc(73)] ReadMemory at 0x7ff9a96e0000 of 64 bytes failed: 仅完成部分的 ReadProcessMemory 或 WriteProcessMemory 请求。 (0x12B)
[0615/134735.759:WARNING:pe_image_reader.cc(340)] could not read dos header from C:\WINDOWS\System32\profapi.dll
[0615/134735.759:ERROR:process_memory_win.cc(73)] ReadMemory at 0x7ff97c840000 of 64 bytes failed: 仅完成部分的 ReadProcessMemory 或 WriteProcessMemory 请求。 (0x12B)
[0615/134735.759:WARNING:pe_image_reader.cc(340)] could not read dos header from C:\WINDOWS\SYSTEM32\UIAutomationCore.DLL
[0615/134735.759:ERROR:process_memory_win.cc(73)] ReadMemory at 0x7ff97c840000 of 64 bytes failed: 仅完成部分的 ReadProcessMemory 或 WriteProcessMemory 请求。 (0x12B)
[0615/134735.759:WARNING:pe_image_reader.cc(340)] could not read dos header from C:\WINDOWS\SYSTEM32\UIAutomationCore.DLL
[0615/134735.759:ERROR:process_memory_win.cc(73)] ReadMemory at 0x7ff9829d0000 of 64 bytes failed: 仅完成部分的 ReadProcessMemory 或 WriteProcessMemory 请求。 (0x12B)
[0615/134735.759:WARNING:pe_image_reader.cc(340)] could not read dos header from C:\WINDOWS\SYSTEM32\DWrite.dll
[0615/134735.759:ERROR:process_memory_win.cc(73)] ReadMemory at 0x7ff9829d0000 of 64 bytes failed: 仅完成部分的 ReadProcessMemory 或 WriteProcessMemory 请求。 (0x12B)
[0615/134735.759:WARNING:pe_image_reader.cc(340)] could not read dos header from C:\WINDOWS\SYSTEM32\DWrite.dll
[0615/134735.759:ERROR:process_memory_win.cc(73)] ReadMemory at 0x7ff9961a0000 of 64 bytes failed: 仅完成部分的 ReadProcessMemory 或 WriteProcessMemory 请求。 (0x12B)
[0615/134735.759:WARNING:pe_image_reader.cc(340)] could not read dos header from C:\WINDOWS\SYSTEM32\WINSPOOL.DRV
[0615/134735.759:ERROR:process_memory_win.cc(73)] ReadMemory at 0x7ff9961a0000 of 64 bytes failed: 仅完成部分的 ReadProcessMemory 或 WriteProcessMemory 请求。 (0x12B)
[0615/134735.759:WARNING:pe_image_reader.cc(340)] could not read dos header from C:\WINDOWS\SYSTEM32\WINSPOOL.DRV
[0615/134735.759:ERROR:process_memory_win.cc(73)] ReadMemory at 0x7ff9a9650000 of 64 bytes failed: 仅完成部分的 ReadProcessMemory 或 WriteProcessMemory 请求。 (0x12B)
[0615/134735.759:WARNING:pe_image_reader.cc(340)] could not read dos header from C:\WINDOWS\System32\kernel.appcore.dll
[0615/134735.759:ERROR:process_memory_win.cc(73)] ReadMemory at 0x7ff9a9650000 of 64 bytes failed: 仅完成部分的 ReadProcessMemory 或 WriteProcessMemory 请求。 (0x12B)
[0615/134735.759:WARNING:pe_image_reader.cc(340)] could not read dos header from C:\WINDOWS\System32\kernel.appcore.dll
[0615/134735.759:ERROR:process_memory_win.cc(73)] ReadMemory at 0x7ff9a9a30000 of 64 bytes failed: 仅完成部分的 ReadProcessMemory 或 WriteProcessMemory 请求。 (0x12B)
[0615/134735.759:WARNING:pe_image_reader.cc(340)] could not read dos header from C:\WINDOWS\System32\bcrypt.dll
[0615/134735.759:ERROR:process_memory_win.cc(73)] ReadMemory at 0x7ff9a9a30000 of 64 bytes failed: 仅完成部分的 ReadProcessMemory 或 WriteProcessMemory 请求。 (0x12B)
[0615/134735.759:WARNING:pe_image_reader.cc(340)] could not read dos header from C:\WINDOWS\System32\bcrypt.dll
[0615/134735.759:ERROR:process_memory_win.cc(73)] ReadMemory at 0x7ff9a7fb0000 of 64 bytes failed: 仅完成部分的 ReadProcessMemory 或 WriteProcessMemory 请求。 (0x12B)
[0615/134735.759:WARNING:pe_image_reader.cc(340)] could not read dos header from C:\WINDOWS\SYSTEM32\dbghelp.dll
[0615/134735.759:ERROR:process_memory_win.cc(73)] ReadMemory at 0x7ff9a7fb0000 of 64 bytes failed: 仅完成部分的 ReadProcessMemory 或 WriteProcessMemory 请求。 (0x12B)
[0615/134735.759:WARNING:pe_image_reader.cc(340)] could not read dos header from C:\WINDOWS\SYSTEM32\dbghelp.dll
[0615/134735.759:ERROR:process_memory_win.cc(73)] ReadMemory at 0x7ff99ee20000 of 64 bytes failed: 仅完成部分的 ReadProcessMemory 或 WriteProcessMemory 请求。 (0x12B)
[0615/134735.759:WARNING:pe_image_reader.cc(340)] could not read dos header from C:\WINDOWS\SYSTEM32\WINHTTP.dll
[0615/134735.759:ERROR:process_memory_win.cc(73)] ReadMemory at 0x7ff99ee20000 of 64 bytes failed: 仅完成部分的 ReadProcessMemory 或 WriteProcessMemory 请求。 (0x12B)
[0615/134735.759:WARNING:pe_image_reader.cc(340)] could not read dos header from C:\WINDOWS\SYSTEM32\WINHTTP.dll
[0615/134735.759:ERROR:process_memory_win.cc(73)] ReadMemory at 0x7ff9a2010000 of 64 bytes failed: 仅完成部分的 ReadProcessMemory 或 WriteProcessMemory 请求。 (0x12B)
[0615/134735.759:WARNING:pe_image_reader.cc(340)] could not read dos header from C:\WINDOWS\SYSTEM32\dhcpcsvc.DLL
[0615/134735.759:ERROR:process_memory_win.cc(73)] ReadMemory at 0x7ff9a2010000 of 64 bytes failed: 仅完成部分的 ReadProcessMemory 或 WriteProcessMemory 请求。 (0x12B)
[0615/134735.759:WARNING:pe_image_reader.cc(340)] could not read dos header from C:\WINDOWS\SYSTEM32\dhcpcsvc.DLL
[0615/134735.759:ERROR:process_memory_win.cc(73)] ReadMemory at 0x7ff9abd00000 of 64 bytes failed: 仅完成部分的 ReadProcessMemory 或 WriteProcessMemory 请求。 (0x12B)
[0615/134735.759:WARNING:pe_image_reader.cc(340)] could not read dos header from C:\WINDOWS\System32\NSI.dll
[0615/134735.760:ERROR:process_memory_win.cc(73)] ReadMemory at 0x7ff9abd00000 of 64 bytes failed: 仅完成部分的 ReadProcessMemory 或 WriteProcessMemory 请求。 (0x12B)
[0615/134735.760:WARNING:pe_image_reader.cc(340)] could not read dos header from C:\WINDOWS\System32\NSI.dll
[0615/134735.760:ERROR:process_memory_win.cc(73)] ReadMemory at 0x7ff9a5db0000 of 64 bytes failed: 仅完成部分的 ReadProcessMemory 或 WriteProcessMemory 请求。 (0x12B)
[0615/134735.760:WARNING:pe_image_reader.cc(340)] could not read dos header from C:\WINDOWS\SYSTEM32\WINMMBASE.dll
[0615/134735.760:ERROR:process_memory_win.cc(73)] ReadMemory at 0x7ff9a5db0000 of 64 bytes failed: 仅完成部分的 ReadProcessMemory 或 WriteProcessMemory 请求。 (0x12B)
[0615/134735.760:WARNING:pe_image_reader.cc(340)] could not read dos header from C:\WINDOWS\SYSTEM32\WINMMBASE.dll
[0615/134735.760:ERROR:process_memory_win.cc(73)] ReadMemory at 0x7ff9a97c0000 of 64 bytes failed: 仅完成部分的 ReadProcessMemory 或 WriteProcessMemory 请求。 (0x12B)
[0615/134735.760:WARNING:pe_image_reader.cc(340)] could not read dos header from C:\WINDOWS\System32\cfgmgr32.dll
[0615/134735.760:ERROR:process_memory_win.cc(73)] ReadMemory at 0x7ff9a97c0000 of 64 bytes failed: 仅完成部分的 ReadProcessMemory 或 WriteProcessMemory 请求。 (0x12B)
[0615/134735.760:WARNING:pe_image_reader.cc(340)] could not read dos header from C:\WINDOWS\System32\cfgmgr32.dll
[0615/134735.760:ERROR:process_memory_win.cc(73)] ReadMemory at 0x7ff9a7d40000 of 64 bytes failed: 仅完成部分的 ReadProcessMemory 或 WriteProcessMemory 请求。 (0x12B)
[0615/134735.760:WARNING:pe_image_reader.cc(340)] could not read dos header from C:\WINDOWS\SYSTEM32\PROPSYS.dll
[0615/134735.760:ERROR:process_memory_win.cc(73)] ReadMemory at 0x7ff9a7d40000 of 64 bytes failed: 仅完成部分的 ReadProcessMemory 或 WriteProcessMemory 请求。 (0x12B)
[0615/134735.760:WARNING:pe_image_reader.cc(340)] could not read dos header from C:\WINDOWS\SYSTEM32\PROPSYS.dll
[0615/134735.760:ERROR:process_memory_win.cc(73)] ReadMemory at 0x7ff9ab020000 of 64 bytes failed: 仅完成部分的 ReadProcessMemory 或 WriteProcessMemory 请求。 (0x12B)
[0615/134735.760:WARNING:pe_image_reader.cc(340)] could not read dos header from C:\WINDOWS\System32\shcore.dll
[0615/134735.760:ERROR:process_memory_win.cc(73)] ReadMemory at 0x7ff9ab020000 of 64 bytes failed: 仅完成部分的 ReadProcessMemory 或 WriteProcessMemory 请求。 (0x12B)
[0615/134735.760:WARNING:pe_image_reader.cc(340)] could not read dos header from C:\WINDOWS\System32\shcore.dll
[0615/134735.760:ERROR:process_memory_win.cc(73)] ReadMemory at 0x7ff9a9530000 of 64 bytes failed: 仅完成部分的 ReadProcessMemory 或 WriteProcessMemory 请求。 (0x12B)
[0615/134735.760:WARNING:pe_image_reader.cc(340)] could not read dos header from C:\WINDOWS\SYSTEM32\SSPICLI.DLL
[0615/134735.760:ERROR:process_memory_win.cc(73)] ReadMemory at 0x7ff9a9530000 of 64 bytes failed: 仅完成部分的 ReadProcessMemory 或 WriteProcessMemory 请求。 (0x12B)
[0615/134735.760:WARNING:pe_image_reader.cc(340)] could not read dos header from C:\WINDOWS\SYSTEM32\SSPICLI.DLL
[0615/134735.760:ERROR:process_memory_win.cc(73)] ReadMemory at 0x7ff9a9080000 of 64 bytes failed: 仅完成部分的 ReadProcessMemory 或 WriteProcessMemory 请求。 (0x12B)
[0615/134735.760:WARNING:pe_image_reader.cc(340)] could not read dos header from C:\WINDOWS\SYSTEM32\CRYPTBASE.DLL
[0615/134735.760:ERROR:process_memory_win.cc(73)] ReadMemory at 0x7ff9a9080000 of 64 bytes failed: 仅完成部分的 ReadProcessMemory 或 WriteProcessMemory 请求。 (0x12B)
[0615/134735.760:WARNING:pe_image_reader.cc(340)] could not read dos header from C:\WINDOWS\SYSTEM32\CRYPTBASE.DLL
[0615/134735.760:ERROR:process_memory_win.cc(73)] ReadMemory at 0x7ff9ac8e5fe8 of 8 bytes failed: 仅完成部分的 ReadProcessMemory 或 WriteProcessMemory 请求。 (0x12B)
[0615/134735.760:ERROR:process_snapshot_win.cc(311)] failed to read target address
[0615/134735.956:ERROR:process_memory_win.cc(73)] ReadMemory at 0x7ff73f9a0000 of 64 bytes failed: 仅完成部分的 ReadProcessMemory 或 WriteProcessMemory 请求。 (0x12B)
[0615/134735.956:WARNING:pe_image_reader.cc(340)] could not read dos header from C:\Program Files (x86)\Google\Chrome\Application\chrome.exe
[0615/134735.956:ERROR:process_memory_win.cc(73)] ReadMemory at 0x7ff9ac780000 of 64 bytes failed: 仅完成部分的 ReadProcessMemory 或 WriteProcessMemory 请求。 (0x12B)
[0615/134735.956:WARNING:pe_image_reader.cc(340)] could not read dos header from C:\WINDOWS\SYSTEM32\ntdll.dll
[0615/134735.956:ERROR:process_memory_win.cc(73)] ReadMemory at 0x7ff9abac0000 of 64 bytes failed: 仅完成部分的 ReadProcessMemory 或 WriteProcessMemory 请求。 (0x12B)
[0615/134735.956:WARNING:pe_image_reader.cc(340)] could not read dos header from C:\WINDOWS\System32\KERNEL32.DLL
[0615/134735.956:ERROR:process_memory_win.cc(73)] ReadMemory at 0x7ff9aa390000 of 64 bytes failed: 仅完成部分的 ReadProcessMemory 或 WriteProcessMemory 请求。 (0x12B)
[0615/134735.956:WARNING:pe_image_reader.cc(340)] could not read dos header from C:\WINDOWS\System32\KERNELBASE.dll
[0615/134735.956:ERROR:process_memory_win.cc(73)] ReadMemory at 0x7ff971690000 of 64 bytes failed: 仅完成部分的 ReadProcessMemory 或 WriteProcessMemory 请求。 (0x12B)
[0615/134735.957:WARNING:pe_image_reader.cc(340)] could not read dos header from C:\Program Files (x86)\Google\Chrome\Application\81.0.4044.138\chrome_elf.dll
[0615/134735.957:ERROR:process_memory_win.cc(73)] ReadMemory at 0x7ff9a3e40000 of 64 bytes failed: 仅完成部分的 ReadProcessMemory 或 WriteProcessMemory 请求。 (0x12B)
[0615/134735.957:WARNING:pe_image_reader.cc(340)] could not read dos header from C:\WINDOWS\SYSTEM32\VERSION.dll
[0615/134735.957:ERROR:process_memory_win.cc(73)] ReadMemory at 0x7ff9ac300000 of 64 bytes failed: 仅完成部分的 ReadProcessMemory 或 WriteProcessMemory 请求。 (0x12B)
[0615/134735.957:WARNING:pe_image_reader.cc(340)] could not read dos header from C:\WINDOWS\System32\msvcrt.dll
[0615/134735.957:ERROR:process_memory_win.cc(73)] ReadMemory at 0x7ff9a99b0000 of 64 bytes failed: 仅完成部分的 ReadProcessMemory 或 WriteProcessMemory 请求。 (0x12B)
[0615/134735.957:WARNING:pe_image_reader.cc(340)] could not read dos header from C:\WINDOWS\System32\bcryptPrimitives.dll
[0615/134735.957:ERROR:process_memory_win.cc(73)] ReadMemory at 0x7ff9aaca0000 of 64 bytes failed: 仅完成部分的 ReadProcessMemory 或 WriteProcessMemory 请求。 (0x12B)
[0615/134735.957:WARNING:pe_image_reader.cc(340)] could not read dos header from C:\WINDOWS\System32\ADVAPI32.dll
[0615/134735.957:ERROR:process_memory_win.cc(73)] ReadMemory at 0x7ff9abd30000 of 64 bytes failed: 仅完成部分的 ReadProcessMemory 或 WriteProcessMemory 请求。 (0x12B)
[0615/134735.957:WARNING:pe_image_reader.cc(340)] could not read dos header from C:\WINDOWS\System32\sechost.dll
[0615/134735.957:ERROR:process_memory_win.cc(73)] ReadMemory at 0x7ff9aa840000 of 64 bytes failed: 仅完成部分的 ReadProcessMemory 或 WriteProcessMemory 请求。 (0x12B)
[0615/134735.957:WARNING:pe_image_reader.cc(340)] could not read dos header from C:\WINDOWS\System32\RPCRT4.dll
[0615/134735.957:ERROR:process_memory_win.cc(73)] ReadMemory at 0x7ff9366b0000 of 64 bytes failed: 仅完成部分的 ReadProcessMemory 或 WriteProcessMemory 请求。 (0x12B)
[0615/134735.957:WARNING:pe_image_reader.cc(340)] could not read dos header from C:\Program Files (x86)\Google\Chrome\Application\81.0.4044.138\chrome.dll
[0615/134735.957:ERROR:process_memory_win.cc(73)] ReadMemory at 0x7ff9abbc0000 of 64 bytes failed: 仅完成部分的 ReadProcessMemory 或 WriteProcessMemory 请求。 (0x12B)
[0615/134735.957:WARNING:pe_image_reader.cc(340)] could not read dos header from C:\WINDOWS\System32\WS2_32.dll
[0615/134735.957:ERROR:process_memory_win.cc(73)] ReadMemory at 0x7ff9abc30000 of 64 bytes failed: 仅完成部分的 ReadProcessMemory 或 WriteProcessMemory 请求。 (0x12B)
[0615/134735.957:WARNING:pe_image_reader.cc(340)] could not read dos header from C:\WINDOWS\System32\OLEAUT32.dll
[0615/134735.957:ERROR:process_memory_win.cc(73)] ReadMemory at 0x7ff9aa640000 of 64 bytes failed: 仅完成部分的 ReadProcessMemory 或 WriteProcessMemory 请求。 (0x12B)
[0615/134735.957:WARNING:pe_image_reader.cc(340)] could not read dos header from C:\WINDOWS\System32\msvcp_win.dll
[0615/134735.957:ERROR:process_memory_win.cc(73)] ReadMemory at 0x7ff9a9ac0000 of 64 bytes failed: 仅完成部分的 ReadProcessMemory 或 WriteProcessMemory 请求。 (0x12B)
[0615/134735.957:WARNING:pe_image_reader.cc(340)] could not read dos header from C:\WINDOWS\System32\ucrtbase.dll
[0615/134735.957:ERROR:process_memory_win.cc(73)] ReadMemory at 0x7ff9aa960000 of 64 bytes failed: 仅完成部分的 ReadProcessMemory 或 WriteProcessMemory 请求。 (0x12B)
[0615/134735.957:WARNING:pe_image_reader.cc(340)] could not read dos header from C:\WINDOWS\System32\combase.dll
[0615/134735.957:ERROR:process_memory_win.cc(73)] ReadMemory at 0x7ff9a9a60000 of 64 bytes failed: 仅完成部分的 ReadProcessMemory 或 WriteProcessMemory 请求。 (0x12B)
[0615/134735.957:WARNING:pe_image_reader.cc(340)] could not read dos header from C:\WINDOWS\System32\WINTRUST.dll
[0615/134735.957:ERROR:process_memory_win.cc(73)] ReadMemory at 0x7ff9a96c0000 of 64 bytes failed: 仅完成部分的 ReadProcessMemory 或 WriteProcessMemory 请求。 (0x12B)
[0615/134735.957:WARNING:pe_image_reader.cc(340)] could not read dos header from C:\WINDOWS\System32\MSASN1.dll
[0615/134735.957:ERROR:process_memory_win.cc(73)] ReadMemory at 0x7ff9aa6e0000 of 64 bytes failed: 仅完成部分的 ReadProcessMemory 或 WriteProcessMemory 请求。 (0x12B)
[0615/134735.957:WARNING:pe_image_reader.cc(340)] could not read dos header from C:\WINDOWS\System32\CRYPT32.dll
[0615/134735.957:ERROR:process_memory_win.cc(73)] ReadMemory at 0x7ff9a8bc0000 of 64 bytes failed: 仅完成部分的 ReadProcessMemory 或 WriteProcessMemory 请求。 (0x12B)
[0615/134735.957:WARNING:pe_image_reader.cc(340)] could not read dos header from C:\WINDOWS\SYSTEM32\IPHLPAPI.DLL
[0615/134735.957:ERROR:process_memory_win.cc(73)] ReadMemory at 0x7ff9a5de0000 of 64 bytes failed: 仅完成部分的 ReadProcessMemory 或 WriteProcessMemory 请求。 (0x12B)
[0615/134735.957:WARNING:pe_image_reader.cc(340)] could not read dos header from C:\WINDOWS\SYSTEM32\WINMM.dll
[0615/134735.957:ERROR:process_memory_win.cc(73)] ReadMemory at 0x7ff9987c0000 of 64 bytes failed: 仅完成部分的 ReadProcessMemory 或 WriteProcessMemory 请求。 (0x12B)
[0615/134735.957:WARNING:pe_image_reader.cc(340)] could not read dos header from C:\WINDOWS\SYSTEM32\Secur32.dll
[0615/134735.957:ERROR:process_memory_win.cc(73)] ReadMemory at 0x7ff9a9560000 of 64 bytes failed: 仅完成部分的 ReadProcessMemory 或 WriteProcessMemory 请求。 (0x12B)
[0615/134735.957:WARNING:pe_image_reader.cc(340)] could not read dos header from C:\WINDOWS\SYSTEM32\USERENV.dll
[0615/134735.957:ERROR:process_memory_win.cc(73)] ReadMemory at 0x7ff9a96e0000 of 64 bytes failed: 仅完成部分的 ReadProcessMemory 或 WriteProcessMemory 请求。 (0x12B)
[0615/134735.957:WARNING:pe_image_reader.cc(340)] could not read dos header from C:\WINDOWS\System32\profapi.dll
[0615/134735.957:ERROR:process_memory_win.cc(73)] ReadMemory at 0x7ff97c840000 of 64 bytes failed: 仅完成部分的 ReadProcessMemory 或 WriteProcessMemory 请求。 (0x12B)
[0615/134735.957:WARNING:pe_image_reader.cc(340)] could not read dos header from C:\WINDOWS\SYSTEM32\UIAutomationCore.DLL
[0615/134735.957:ERROR:process_memory_win.cc(73)] ReadMemory at 0x7ff9829d0000 of 64 bytes failed: 仅完成部分的 ReadProcessMemory 或 WriteProcessMemory 请求。 (0x12B)
[0615/134735.957:WARNING:pe_image_reader.cc(340)] could not read dos header from C:\WINDOWS\SYSTEM32\DWrite.dll
[0615/134735.959:ERROR:process_memory_win.cc(73)] ReadMemory at 0x7ff9961a0000 of 64 bytes failed: 仅完成部分的 ReadProcessMemory 或 WriteProcessMemory 请求。 (0x12B)
[0615/134735.959:WARNING:pe_image_reader.cc(340)] could not read dos header from C:\WINDOWS\SYSTEM32\WINSPOOL.DRV
[0615/134735.959:ERROR:process_memory_win.cc(73)] ReadMemory at 0x7ff9a9650000 of 64 bytes failed: 仅完成部分的 ReadProcessMemory 或 WriteProcessMemory 请求。 (0x12B)
[0615/134735.959:WARNING:pe_image_reader.cc(340)] could not read dos header from C:\WINDOWS\System32\kernel.appcore.dll
[0615/134735.959:ERROR:process_memory_win.cc(73)] ReadMemory at 0x7ff9a9a30000 of 64 bytes failed: 仅完成部分的 ReadProcessMemory 或 WriteProcessMemory 请求。 (0x12B)
[0615/134735.959:WARNING:pe_image_reader.cc(340)] could not read dos header from C:\WINDOWS\System32\bcrypt.dll
[0615/134735.959:ERROR:process_memory_win.cc(73)] ReadMemory at 0x7ff9a7fb0000 of 64 bytes failed: 仅完成部分的 ReadProcessMemory 或 WriteProcessMemory 请求。 (0x12B)
[0615/134735.959:WARNING:pe_image_reader.cc(340)] could not read dos header from C:\WINDOWS\SYSTEM32\dbghelp.dll
[0615/134735.959:ERROR:process_memory_win.cc(73)] ReadMemory at 0x7ff99ee20000 of 64 bytes failed: 仅完成部分的 ReadProcessMemory 或 WriteProcessMemory 请求。 (0x12B)
[0615/134735.959:WARNING:pe_image_reader.cc(340)] could not read dos header from C:\WINDOWS\SYSTEM32\WINHTTP.dll
[0615/134735.959:ERROR:process_memory_win.cc(73)] ReadMemory at 0x7ff9a2010000 of 64 bytes failed: 仅完成部分的 ReadProcessMemory 或 WriteProcessMemory 请求。 (0x12B)
[0615/134735.959:WARNING:pe_image_reader.cc(340)] could not read dos header from C:\WINDOWS\SYSTEM32\dhcpcsvc.DLL
[0615/134735.959:ERROR:process_memory_win.cc(73)] ReadMemory at 0x7ff9abd00000 of 64 bytes failed: 仅完成部分的 ReadProcessMemory 或 WriteProcessMemory 请求。 (0x12B)
[0615/134735.959:WARNING:pe_image_reader.cc(340)] could not read dos header from C:\WINDOWS\System32\NSI.dll
[0615/134735.959:ERROR:process_memory_win.cc(73)] ReadMemory at 0x7ff9a5db0000 of 64 bytes failed: 仅完成部分的 ReadProcessMemory 或 WriteProcessMemory 请求。 (0x12B)
[0615/134735.959:WARNING:pe_image_reader.cc(340)] could not read dos header from C:\WINDOWS\SYSTEM32\WINMMBASE.dll
[0615/134735.959:ERROR:process_memory_win.cc(73)] ReadMemory at 0x7ff9a97c0000 of 64 bytes failed: 仅完成部分的 ReadProcessMemory 或 WriteProcessMemory 请求。 (0x12B)
[0615/134735.959:WARNING:pe_image_reader.cc(340)] could not read dos header from C:\WINDOWS\System32\cfgmgr32.dll
[0615/134735.959:ERROR:process_memory_win.cc(73)] ReadMemory at 0x7ff9a7d40000 of 64 bytes failed: 仅完成部分的 ReadProcessMemory 或 WriteProcessMemory 请求。 (0x12B)
[0615/134735.959:WARNING:pe_image_reader.cc(340)] could not read dos header from C:\WINDOWS\SYSTEM32\PROPSYS.dll
[0615/134735.959:ERROR:process_memory_win.cc(73)] ReadMemory at 0x7ff9ab020000 of 64 bytes failed: 仅完成部分的 ReadProcessMemory 或 WriteProcessMemory 请求。 (0x12B)
[0615/134735.959:WARNING:pe_image_reader.cc(340)] could not read dos header from C:\WINDOWS\System32\shcore.dll
[0615/134735.959:ERROR:process_memory_win.cc(73)] ReadMemory at 0x7ff9a9530000 of 64 bytes failed: 仅完成部分的 ReadProcessMemory 或 WriteProcessMemory 请求。 (0x12B)
[0615/134735.959:WARNING:pe_image_reader.cc(340)] could not read dos header from C:\WINDOWS\SYSTEM32\SSPICLI.DLL
[0615/134735.959:ERROR:process_memory_win.cc(73)] ReadMemory at 0x7ff9a9080000 of 64 bytes failed: 仅完成部分的 ReadProcessMemory 或 WriteProcessMemory 请求。 (0x12B)
[0615/134735.959:WARNING:pe_image_reader.cc(340)] could not read dos header from C:\WINDOWS\SYSTEM32\CRYPTBASE.DLL
[0615/134735.959:ERROR:process_memory_win.cc(73)] ReadMemory at 0x7ff73f9a0000 of 64 bytes failed: 仅完成部分的 ReadProcessMemory 或 WriteProcessMemory 请求。 (0x12B)
[0615/134735.959:WARNING:pe_image_reader.cc(340)] could not read dos header from C:\Program Files (x86)\Google\Chrome\Application\chrome.exe
[0615/134735.959:ERROR:process_memory_win.cc(73)] ReadMemory at 0x7ff73f9a0000 of 64 bytes failed: 仅完成部分的 ReadProcessMemory 或 WriteProcessMemory 请求。 (0x12B)
[0615/134735.959:WARNING:pe_image_reader.cc(340)] could not read dos header from C:\Program Files (x86)\Google\Chrome\Application\chrome.exe
[0615/134735.959:ERROR:process_memory_win.cc(73)] ReadMemory at 0x7ff9ac780000 of 64 bytes failed: 仅完成部分的 ReadProcessMemory 或 WriteProcessMemory 请求。 (0x12B)
[0615/134735.959:WARNING:pe_image_reader.cc(340)] could not read dos header from C:\WINDOWS\SYSTEM32\ntdll.dll
[0615/134735.959:ERROR:process_memory_win.cc(73)] ReadMemory at 0x7ff9ac780000 of 64 bytes failed: 仅完成部分的 ReadProcessMemory 或 WriteProcessMemory 请求。 (0x12B)
[0615/134735.959:WARNING:pe_image_reader.cc(340)] could not read dos header from C:\WINDOWS\SYSTEM32\ntdll.dll
[0615/134735.959:ERROR:process_memory_win.cc(73)] ReadMemory at 0x7ff9abac0000 of 64 bytes failed: 仅完成部分的 ReadProcessMemory 或 WriteProcessMemory 请求。 (0x12B)
[0615/134735.959:WARNING:pe_image_reader.cc(340)] could not read dos header from C:\WINDOWS\System32\KERNEL32.DLL
[0615/134735.959:ERROR:process_memory_win.cc(73)] ReadMemory at 0x7ff9abac0000 of 64 bytes failed: 仅完成部分的 ReadProcessMemory 或 WriteProcessMemory 请求。 (0x12B)
[0615/134735.959:WARNING:pe_image_reader.cc(340)] could not read dos header from C:\WINDOWS\System32\KERNEL32.DLL
[0615/134735.959:ERROR:process_memory_win.cc(73)] ReadMemory at 0x7ff9aa390000 of 64 bytes failed: 仅完成部分的 ReadProcessMemory 或 WriteProcessMemory 请求。 (0x12B)
[0615/134735.959:WARNING:pe_image_reader.cc(340)] could not read dos header from C:\WINDOWS\System32\KERNELBASE.dll
[0615/134735.959:ERROR:process_memory_win.cc(73)] ReadMemory at 0x7ff9aa390000 of 64 bytes failed: 仅完成部分的 ReadProcessMemory 或 WriteProcessMemory 请求。 (0x12B)
[0615/134735.959:WARNING:pe_image_reader.cc(340)] could not read dos header from C:\WINDOWS\System32\KERNELBASE.dll
[0615/134735.959:ERROR:process_memory_win.cc(73)] ReadMemory at 0x7ff971690000 of 64 bytes failed: 仅完成部分的 ReadProcessMemory 或 WriteProcessMemory 请求。 (0x12B)
[0615/134735.959:WARNING:pe_image_reader.cc(340)] could not read dos header from C:\Program Files (x86)\Google\Chrome\Application\81.0.4044.138\chrome_elf.dll
[0615/134735.960:ERROR:process_memory_win.cc(73)] ReadMemory at 0x7ff971690000 of 64 bytes failed: 仅完成部分的 ReadProcessMemory 或 WriteProcessMemory 请求。 (0x12B)
[0615/134735.960:WARNING:pe_image_reader.cc(340)] could not read dos header from C:\Program Files (x86)\Google\Chrome\Application\81.0.4044.138\chrome_elf.dll
[0615/134735.960:ERROR:process_memory_win.cc(73)] ReadMemory at 0x7ff9a3e40000 of 64 bytes failed: 仅完成部分的 ReadProcessMemory 或 WriteProcessMemory 请求。 (0x12B)
[0615/134735.960:WARNING:pe_image_reader.cc(340)] could not read dos header from C:\WINDOWS\SYSTEM32\VERSION.dll
[0615/134735.960:ERROR:process_memory_win.cc(73)] ReadMemory at 0x7ff9a3e40000 of 64 bytes failed: 仅完成部分的 ReadProcessMemory 或 WriteProcessMemory 请求。 (0x12B)
[0615/134735.960:WARNING:pe_image_reader.cc(340)] could not read dos header from C:\WINDOWS\SYSTEM32\VERSION.dll
[0615/134735.960:ERROR:process_memory_win.cc(73)] ReadMemory at 0x7ff9ac300000 of 64 bytes failed: 仅完成部分的 ReadProcessMemory 或 WriteProcessMemory 请求。 (0x12B)
[0615/134735.960:WARNING:pe_image_reader.cc(340)] could not read dos header from C:\WINDOWS\System32\msvcrt.dll
[0615/134735.960:ERROR:process_memory_win.cc(73)] ReadMemory at 0x7ff9ac300000 of 64 bytes failed: 仅完成部分的 ReadProcessMemory 或 WriteProcessMemory 请求。 (0x12B)
[0615/134735.960:WARNING:pe_image_reader.cc(340)] could not read dos header from C:\WINDOWS\System32\msvcrt.dll
[0615/134735.960:ERROR:process_memory_win.cc(73)] ReadMemory at 0x7ff9a99b0000 of 64 bytes failed: 仅完成部分的 ReadProcessMemory 或 WriteProcessMemory 请求。 (0x12B)
[0615/134735.960:WARNING:pe_image_reader.cc(340)] could not read dos header from C:\WINDOWS\System32\bcryptPrimitives.dll
[0615/134735.960:ERROR:process_memory_win.cc(73)] ReadMemory at 0x7ff9a99b0000 of 64 bytes failed: 仅完成部分的 ReadProcessMemory 或 WriteProcessMemory 请求。 (0x12B)
[0615/134735.960:WARNING:pe_image_reader.cc(340)] could not read dos header from C:\WINDOWS\System32\bcryptPrimitives.dll
[0615/134735.960:ERROR:process_memory_win.cc(73)] ReadMemory at 0x7ff9aaca0000 of 64 bytes failed: 仅完成部分的 ReadProcessMemory 或 WriteProcessMemory 请求。 (0x12B)
[0615/134735.960:WARNING:pe_image_reader.cc(340)] could not read dos header from C:\WINDOWS\System32\ADVAPI32.dll
[0615/134735.960:ERROR:process_memory_win.cc(73)] ReadMemory at 0x7ff9aaca0000 of 64 bytes failed: 仅完成部分的 ReadProcessMemory 或 WriteProcessMemory 请求。 (0x12B)
[0615/134735.960:WARNING:pe_image_reader.cc(340)] could not read dos header from C:\WINDOWS\System32\ADVAPI32.dll
[0615/134735.960:ERROR:process_memory_win.cc(73)] ReadMemory at 0x7ff9abd30000 of 64 bytes failed: 仅完成部分的 ReadProcessMemory 或 WriteProcessMemory 请求。 (0x12B)
[0615/134735.960:WARNING:pe_image_reader.cc(340)] could not read dos header from C:\WINDOWS\System32\sechost.dll
[0615/134735.960:ERROR:process_memory_win.cc(73)] ReadMemory at 0x7ff9abd30000 of 64 bytes failed: 仅完成部分的 ReadProcessMemory 或 WriteProcessMemory 请求。 (0x12B)
[0615/134735.960:WARNING:pe_image_reader.cc(340)] could not read dos header from C:\WINDOWS\System32\sechost.dll
[0615/134735.960:ERROR:process_memory_win.cc(73)] ReadMemory at 0x7ff9aa840000 of 64 bytes failed: 仅完成部分的 ReadProcessMemory 或 WriteProcessMemory 请求。 (0x12B)
[0615/134735.960:WARNING:pe_image_reader.cc(340)] could not read dos header from C:\WINDOWS\System32\RPCRT4.dll
[0615/134735.960:ERROR:process_memory_win.cc(73)] ReadMemory at 0x7ff9aa840000 of 64 bytes failed: 仅完成部分的 ReadProcessMemory 或 WriteProcessMemory 请求。 (0x12B)
[0615/134735.960:WARNING:pe_image_reader.cc(340)] could not read dos header from C:\WINDOWS\System32\RPCRT4.dll
[0615/134735.960:ERROR:process_memory_win.cc(73)] ReadMemory at 0x7ff9366b0000 of 64 bytes failed: 仅完成部分的 ReadProcessMemory 或 WriteProcessMemory 请求。 (0x12B)
[0615/134735.960:WARNING:pe_image_reader.cc(340)] could not read dos header from C:\Program Files (x86)\Google\Chrome\Application\81.0.4044.138\chrome.dll
[0615/134735.960:ERROR:process_memory_win.cc(73)] ReadMemory at 0x7ff9366b0000 of 64 bytes failed: 仅完成部分的 ReadProcessMemory 或 WriteProcessMemory 请求。 (0x12B)
[0615/134735.960:WARNING:pe_image_reader.cc(340)] could not read dos header from C:\Program Files (x86)\Google\Chrome\Application\81.0.4044.138\chrome.dll
[0615/134735.960:ERROR:process_memory_win.cc(73)] ReadMemory at 0x7ff9abbc0000 of 64 bytes failed: 仅完成部分的 ReadProcessMemory 或 WriteProcessMemory 请求。 (0x12B)
[0615/134735.960:WARNING:pe_image_reader.cc(340)] could not read dos header from C:\WINDOWS\System32\WS2_32.dll
[0615/134735.960:ERROR:process_memory_win.cc(73)] ReadMemory at 0x7ff9abbc0000 of 64 bytes failed: 仅完成部分的 ReadProcessMemory 或 WriteProcessMemory 请求。 (0x12B)
[0615/134735.960:WARNING:pe_image_reader.cc(340)] could not read dos header from C:\WINDOWS\System32\WS2_32.dll
[0615/134735.960:ERROR:process_memory_win.cc(73)] ReadMemory at 0x7ff9abc30000 of 64 bytes failed: 仅完成部分的 ReadProcessMemory 或 WriteProcessMemory 请求。 (0x12B)
[0615/134735.960:WARNING:pe_image_reader.cc(340)] could not read dos header from C:\WINDOWS\System32\OLEAUT32.dll
[0615/134735.960:ERROR:process_memory_win.cc(73)] ReadMemory at 0x7ff9abc30000 of 64 bytes failed: 仅完成部分的 ReadProcessMemory 或 WriteProcessMemory 请求。 (0x12B)
[0615/134735.960:WARNING:pe_image_reader.cc(340)] could not read dos header from C:\WINDOWS\System32\OLEAUT32.dll
[0615/134735.960:ERROR:process_memory_win.cc(73)] ReadMemory at 0x7ff9aa640000 of 64 bytes failed: 仅完成部分的 ReadProcessMemory 或 WriteProcessMemory 请求。 (0x12B)
[0615/134735.960:WARNING:pe_image_reader.cc(340)] could not read dos header from C:\WINDOWS\System32\msvcp_win.dll
[0615/134735.960:ERROR:process_memory_win.cc(73)] ReadMemory at 0x7ff9aa640000 of 64 bytes failed: 仅完成部分的 ReadProcessMemory 或 WriteProcessMemory 请求。 (0x12B)
[0615/134735.960:WARNING:pe_image_reader.cc(340)] could not read dos header from C:\WINDOWS\System32\msvcp_win.dll
[0615/134735.960:ERROR:process_memory_win.cc(73)] ReadMemory at 0x7ff9a9ac0000 of 64 bytes failed: 仅完成部分的 ReadProcessMemory 或 WriteProcessMemory 请求。 (0x12B)
[0615/134735.960:WARNING:pe_image_reader.cc(340)] could not read dos header from C:\WINDOWS\System32\ucrtbase.dll
[0615/134735.961:ERROR:process_memory_win.cc(73)] ReadMemory at 0x7ff9a9ac0000 of 64 bytes failed: 仅完成部分的 ReadProcessMemory 或 WriteProcessMemory 请求。 (0x12B)
[0615/134735.961:WARNING:pe_image_reader.cc(340)] could not read dos header from C:\WINDOWS\System32\ucrtbase.dll
[0615/134735.961:ERROR:process_memory_win.cc(73)] ReadMemory at 0x7ff9aa960000 of 64 bytes failed: 仅完成部分的 ReadProcessMemory 或 WriteProcessMemory 请求。 (0x12B)
[0615/134735.961:WARNING:pe_image_reader.cc(340)] could not read dos header from C:\WINDOWS\System32\combase.dll
[0615/134735.961:ERROR:process_memory_win.cc(73)] ReadMemory at 0x7ff9aa960000 of 64 bytes failed: 仅完成部分的 ReadProcessMemory 或 WriteProcessMemory 请求。 (0x12B)
[0615/134735.961:WARNING:pe_image_reader.cc(340)] could not read dos header from C:\WINDOWS\System32\combase.dll
[0615/134735.961:ERROR:process_memory_win.cc(73)] ReadMemory at 0x7ff9a9a60000 of 64 bytes failed: 仅完成部分的 ReadProcessMemory 或 WriteProcessMemory 请求。 (0x12B)
[0615/134735.961:WARNING:pe_image_reader.cc(340)] could not read dos header from C:\WINDOWS\System32\WINTRUST.dll
[0615/134735.961:ERROR:process_memory_win.cc(73)] ReadMemory at 0x7ff9a9a60000 of 64 bytes failed: 仅完成部分的 ReadProcessMemory 或 WriteProcessMemory 请求。 (0x12B)
[0615/134735.961:WARNING:pe_image_reader.cc(340)] could not read dos header from C:\WINDOWS\System32\WINTRUST.dll
[0615/134735.961:ERROR:process_memory_win.cc(73)] ReadMemory at 0x7ff9a96c0000 of 64 bytes failed: 仅完成部分的 ReadProcessMemory 或 WriteProcessMemory 请求。 (0x12B)
[0615/134735.961:WARNING:pe_image_reader.cc(340)] could not read dos header from C:\WINDOWS\System32\MSASN1.dll
[0615/134735.961:ERROR:process_memory_win.cc(73)] ReadMemory at 0x7ff9a96c0000 of 64 bytes failed: 仅完成部分的 ReadProcessMemory 或 WriteProcessMemory 请求。 (0x12B)
[0615/134735.961:WARNING:pe_image_reader.cc(340)] could not read dos header from C:\WINDOWS\System32\MSASN1.dll
[0615/134735.961:ERROR:process_memory_win.cc(73)] ReadMemory at 0x7ff9aa6e0000 of 64 bytes failed: 仅完成部分的 ReadProcessMemory 或 WriteProcessMemory 请求。 (0x12B)
[0615/134735.961:WARNING:pe_image_reader.cc(340)] could not read dos header from C:\WINDOWS\System32\CRYPT32.dll
[0615/134735.961:ERROR:process_memory_win.cc(73)] ReadMemory at 0x7ff9aa6e0000 of 64 bytes failed: 仅完成部分的 ReadProcessMemory 或 WriteProcessMemory 请求。 (0x12B)
[0615/134735.961:WARNING:pe_image_reader.cc(340)] could not read dos header from C:\WINDOWS\System32\CRYPT32.dll
[0615/134735.961:ERROR:process_memory_win.cc(73)] ReadMemory at 0x7ff9a8bc0000 of 64 bytes failed: 仅完成部分的 ReadProcessMemory 或 WriteProcessMemory 请求。 (0x12B)
[0615/134735.961:WARNING:pe_image_reader.cc(340)] could not read dos header from C:\WINDOWS\SYSTEM32\IPHLPAPI.DLL
[0615/134735.961:ERROR:process_memory_win.cc(73)] ReadMemory at 0x7ff9a8bc0000 of 64 bytes failed: 仅完成部分的 ReadProcessMemory 或 WriteProcessMemory 请求。 (0x12B)
[0615/134735.961:WARNING:pe_image_reader.cc(340)] could not read dos header from C:\WINDOWS\SYSTEM32\IPHLPAPI.DLL
[0615/134735.961:ERROR:process_memory_win.cc(73)] ReadMemory at 0x7ff9a5de0000 of 64 bytes failed: 仅完成部分的 ReadProcessMemory 或 WriteProcessMemory 请求。 (0x12B)
[0615/134735.961:WARNING:pe_image_reader.cc(340)] could not read dos header from C:\WINDOWS\SYSTEM32\WINMM.dll
[0615/134735.961:ERROR:process_memory_win.cc(73)] ReadMemory at 0x7ff9a5de0000 of 64 bytes failed: 仅完成部分的 ReadProcessMemory 或 WriteProcessMemory 请求。 (0x12B)
[0615/134735.961:WARNING:pe_image_reader.cc(340)] could not read dos header from C:\WINDOWS\SYSTEM32\WINMM.dll
[0615/134735.961:ERROR:process_memory_win.cc(73)] ReadMemory at 0x7ff9987c0000 of 64 bytes failed: 仅完成部分的 ReadProcessMemory 或 WriteProcessMemory 请求。 (0x12B)
[0615/134735.961:WARNING:pe_image_reader.cc(340)] could not read dos header from C:\WINDOWS\SYSTEM32\Secur32.dll
[0615/134735.961:ERROR:process_memory_win.cc(73)] ReadMemory at 0x7ff9987c0000 of 64 bytes failed: 仅完成部分的 ReadProcessMemory 或 WriteProcessMemory 请求。 (0x12B)
[0615/134735.961:WARNING:pe_image_reader.cc(340)] could not read dos header from C:\WINDOWS\SYSTEM32\Secur32.dll
[0615/134735.961:ERROR:process_memory_win.cc(73)] ReadMemory at 0x7ff9a9560000 of 64 bytes failed: 仅完成部分的 ReadProcessMemory 或 WriteProcessMemory 请求。 (0x12B)
[0615/134735.961:WARNING:pe_image_reader.cc(340)] could not read dos header from C:\WINDOWS\SYSTEM32\USERENV.dll
[0615/134735.961:ERROR:process_memory_win.cc(73)] ReadMemory at 0x7ff9a9560000 of 64 bytes failed: 仅完成部分的 ReadProcessMemory 或 WriteProcessMemory 请求。 (0x12B)
[0615/134735.961:WARNING:pe_image_reader.cc(340)] could not read dos header from C:\WINDOWS\SYSTEM32\USERENV.dll
[0615/134735.961:ERROR:process_memory_win.cc(73)] ReadMemory at 0x7ff9a96e0000 of 64 bytes failed: 仅完成部分的 ReadProcessMemory 或 WriteProcessMemory 请求。 (0x12B)
[0615/134735.961:WARNING:pe_image_reader.cc(340)] could not read dos header from C:\WINDOWS\System32\profapi.dll
[0615/134735.961:ERROR:process_memory_win.cc(73)] ReadMemory at 0x7ff9a96e0000 of 64 bytes failed: 仅完成部分的 ReadProcessMemory 或 WriteProcessMemory 请求。 (0x12B)
[0615/134735.961:WARNING:pe_image_reader.cc(340)] could not read dos header from C:\WINDOWS\System32\profapi.dll
[0615/134735.961:ERROR:process_memory_win.cc(73)] ReadMemory at 0x7ff97c840000 of 64 bytes failed: 仅完成部分的 ReadProcessMemory 或 WriteProcessMemory 请求。 (0x12B)
[0615/134735.961:WARNING:pe_image_reader.cc(340)] could not read dos header from C:\WINDOWS\SYSTEM32\UIAutomationCore.DLL
[0615/134735.961:ERROR:process_memory_win.cc(73)] ReadMemory at 0x7ff97c840000 of 64 bytes failed: 仅完成部分的 ReadProcessMemory 或 WriteProcessMemory 请求。 (0x12B)
[0615/134735.961:WARNING:pe_image_reader.cc(340)] could not read dos header from C:\WINDOWS\SYSTEM32\UIAutomationCore.DLL
[0615/134735.961:ERROR:process_memory_win.cc(73)] ReadMemory at 0x7ff9829d0000 of 64 bytes failed: 仅完成部分的 ReadProcessMemory 或 WriteProcessMemory 请求。 (0x12B)
[0615/134735.961:WARNING:pe_image_reader.cc(340)] could not read dos header from C:\WINDOWS\SYSTEM32\DWrite.dll
[0615/134735.961:ERROR:process_memory_win.cc(73)] ReadMemory at 0x7ff9829d0000 of 64 bytes failed: 仅完成部分的 ReadProcessMemory 或 WriteProcessMemory 请求。 (0x12B)
[0615/134735.961:WARNING:pe_image_reader.cc(340)] could not read dos header from C:\WINDOWS\SYSTEM32\DWrite.dll
[0615/134735.961:ERROR:process_memory_win.cc(73)] ReadMemory at 0x7ff9961a0000 of 64 bytes failed: 仅完成部分的 ReadProcessMemory 或 WriteProcessMemory 请求。 (0x12B)
[0615/134735.961:WARNING:pe_image_reader.cc(340)] could not read dos header from C:\WINDOWS\SYSTEM32\WINSPOOL.DRV
[0615/134735.961:ERROR:process_memory_win.cc(73)] ReadMemory at 0x7ff9961a0000 of 64 bytes failed: 仅完成部分的 ReadProcessMemory 或 WriteProcessMemory 请求。 (0x12B)
[0615/134735.961:WARNING:pe_image_reader.cc(340)] could not read dos header from C:\WINDOWS\SYSTEM32\WINSPOOL.DRV
[0615/134735.961:ERROR:process_memory_win.cc(73)] ReadMemory at 0x7ff9a9650000 of 64 bytes failed: 仅完成部分的 ReadProcessMemory 或 WriteProcessMemory 请求。 (0x12B)
[0615/134735.961:WARNING:pe_image_reader.cc(340)] could not read dos header from C:\WINDOWS\System32\kernel.appcore.dll
[0615/134735.961:ERROR:process_memory_win.cc(73)] ReadMemory at 0x7ff9a9650000 of 64 bytes failed: 仅完成部分的 ReadProcessMemory 或 WriteProcessMemory 请求。 (0x12B)
[0615/134735.961:WARNING:pe_image_reader.cc(340)] could not read dos header from C:\WINDOWS\System32\kernel.appcore.dll
[0615/134735.961:ERROR:process_memory_win.cc(73)] ReadMemory at 0x7ff9a9a30000 of 64 bytes failed: 仅完成部分的 ReadProcessMemory 或 WriteProcessMemory 请求。 (0x12B)
[0615/134735.961:WARNING:pe_image_reader.cc(340)] could not read dos header from C:\WINDOWS\System32\bcrypt.dll
[0615/134735.961:ERROR:process_memory_win.cc(73)] ReadMemory at 0x7ff9a9a30000 of 64 bytes failed: 仅完成部分的 ReadProcessMemory 或 WriteProcessMemory 请求。 (0x12B)
[0615/134735.961:WARNING:pe_image_reader.cc(340)] could not read dos header from C:\WINDOWS\System32\bcrypt.dll
[0615/134735.961:ERROR:process_memory_win.cc(73)] ReadMemory at 0x7ff9a7fb0000 of 64 bytes failed: 仅完成部分的 ReadProcessMemory 或 WriteProcessMemory 请求。 (0x12B)
[0615/134735.961:WARNING:pe_image_reader.cc(340)] could not read dos header from C:\WINDOWS\SYSTEM32\dbghelp.dll
[0615/134735.961:ERROR:process_memory_win.cc(73)] ReadMemory at 0x7ff9a7fb0000 of 64 bytes failed: 仅完成部分的 ReadProcessMemory 或 WriteProcessMemory 请求。 (0x12B)
[0615/134735.961:WARNING:pe_image_reader.cc(340)] could not read dos header from C:\WINDOWS\SYSTEM32\dbghelp.dll
[0615/134735.961:ERROR:process_memory_win.cc(73)] ReadMemory at 0x7ff99ee20000 of 64 bytes failed: 仅完成部分的 ReadProcessMemory 或 WriteProcessMemory 请求。 (0x12B)
[0615/134735.961:WARNING:pe_image_reader.cc(340)] could not read dos header from C:\WINDOWS\SYSTEM32\WINHTTP.dll
[0615/134735.961:ERROR:process_memory_win.cc(73)] ReadMemory at 0x7ff99ee20000 of 64 bytes failed: 仅完成部分的 ReadProcessMemory 或 WriteProcessMemory 请求。 (0x12B)
[0615/134735.961:WARNING:pe_image_reader.cc(340)] could not read dos header from C:\WINDOWS\SYSTEM32\WINHTTP.dll
[0615/134735.961:ERROR:process_memory_win.cc(73)] ReadMemory at 0x7ff9a2010000 of 64 bytes failed: 仅完成部分的 ReadProcessMemory 或 WriteProcessMemory 请求。 (0x12B)
[0615/134735.961:WARNING:pe_image_reader.cc(340)] could not read dos header from C:\WINDOWS\SYSTEM32\dhcpcsvc.DLL
[0615/134735.961:ERROR:process_memory_win.cc(73)] ReadMemory at 0x7ff9a2010000 of 64 bytes failed: 仅完成部分的 ReadProcessMemory 或 WriteProcessMemory 请求。 (0x12B)
[0615/134735.961:WARNING:pe_image_reader.cc(340)] could not read dos header from C:\WINDOWS\SYSTEM32\dhcpcsvc.DLL
[0615/134735.961:ERROR:process_memory_win.cc(73)] ReadMemory at 0x7ff9abd00000 of 64 bytes failed: 仅完成部分的 ReadProcessMemory 或 WriteProcessMemory 请求。 (0x12B)
[0615/134735.961:WARNING:pe_image_reader.cc(340)] could not read dos header from C:\WINDOWS\System32\NSI.dll
[0615/134735.961:ERROR:process_memory_win.cc(73)] ReadMemory at 0x7ff9abd00000 of 64 bytes failed: 仅完成部分的 ReadProcessMemory 或 WriteProcessMemory 请求。 (0x12B)
[0615/134735.961:WARNING:pe_image_reader.cc(340)] could not read dos header from C:\WINDOWS\System32\NSI.dll
[0615/134735.961:ERROR:process_memory_win.cc(73)] ReadMemory at 0x7ff9a5db0000 of 64 bytes failed: 仅完成部分的 ReadProcessMemory 或 WriteProcessMemory 请求。 (0x12B)
[0615/134735.961:WARNING:pe_image_reader.cc(340)] could not read dos header from C:\WINDOWS\SYSTEM32\WINMMBASE.dll
[0615/134735.961:ERROR:process_memory_win.cc(73)] ReadMemory at 0x7ff9a5db0000 of 64 bytes failed: 仅完成部分的 ReadProcessMemory 或 WriteProcessMemory 请求。 (0x12B)
[0615/134735.961:WARNING:pe_image_reader.cc(340)] could not read dos header from C:\WINDOWS\SYSTEM32\WINMMBASE.dll
[0615/134735.961:ERROR:process_memory_win.cc(73)] ReadMemory at 0x7ff9a97c0000 of 64 bytes failed: 仅完成部分的 ReadProcessMemory 或 WriteProcessMemory 请求。 (0x12B)
[0615/134735.961:WARNING:pe_image_reader.cc(340)] could not read dos header from C:\WINDOWS\System32\cfgmgr32.dll
[0615/134735.961:ERROR:process_memory_win.cc(73)] ReadMemory at 0x7ff9a97c0000 of 64 bytes failed: 仅完成部分的 ReadProcessMemory 或 WriteProcessMemory 请求。 (0x12B)
[0615/134735.961:WARNING:pe_image_reader.cc(340)] could not read dos header from C:\WINDOWS\System32\cfgmgr32.dll
[0615/134735.962:ERROR:process_memory_win.cc(73)] ReadMemory at 0x7ff9a7d40000 of 64 bytes failed: 仅完成部分的 ReadProcessMemory 或 WriteProcessMemory 请求。 (0x12B)
[0615/134735.962:WARNING:pe_image_reader.cc(340)] could not read dos header from C:\WINDOWS\SYSTEM32\PROPSYS.dll
[0615/134735.962:ERROR:process_memory_win.cc(73)] ReadMemory at 0x7ff9a7d40000 of 64 bytes failed: 仅完成部分的 ReadProcessMemory 或 WriteProcessMemory 请求。 (0x12B)
[0615/134735.962:WARNING:pe_image_reader.cc(340)] could not read dos header from C:\WINDOWS\SYSTEM32\PROPSYS.dll
[0615/134735.962:ERROR:process_memory_win.cc(73)] ReadMemory at 0x7ff9ab020000 of 64 bytes failed: 仅完成部分的 ReadProcessMemory 或 WriteProcessMemory 请求。 (0x12B)
[0615/134735.962:WARNING:pe_image_reader.cc(340)] could not read dos header from C:\WINDOWS\System32\shcore.dll
[0615/134735.962:ERROR:process_memory_win.cc(73)] ReadMemory at 0x7ff9ab020000 of 64 bytes failed: 仅完成部分的 ReadProcessMemory 或 WriteProcessMemory 请求。 (0x12B)
[0615/134735.962:WARNING:pe_image_reader.cc(340)] could not read dos header from C:\WINDOWS\System32\shcore.dll
[0615/134735.962:ERROR:process_memory_win.cc(73)] ReadMemory at 0x7ff9a9530000 of 64 bytes failed: 仅完成部分的 ReadProcessMemory 或 WriteProcessMemory 请求。 (0x12B)
[0615/134735.962:WARNING:pe_image_reader.cc(340)] could not read dos header from C:\WINDOWS\SYSTEM32\SSPICLI.DLL
[0615/134735.962:ERROR:process_memory_win.cc(73)] ReadMemory at 0x7ff9a9530000 of 64 bytes failed: 仅完成部分的 ReadProcessMemory 或 WriteProcessMemory 请求。 (0x12B)
[0615/134735.962:WARNING:pe_image_reader.cc(340)] could not read dos header from C:\WINDOWS\SYSTEM32\SSPICLI.DLL
[0615/134735.962:ERROR:process_memory_win.cc(73)] ReadMemory at 0x7ff9a9080000 of 64 bytes failed: 仅完成部分的 ReadProcessMemory 或 WriteProcessMemory 请求。 (0x12B)
[0615/134735.962:WARNING:pe_image_reader.cc(340)] could not read dos header from C:\WINDOWS\SYSTEM32\CRYPTBASE.DLL
[0615/134735.962:ERROR:process_memory_win.cc(73)] ReadMemory at 0x7ff9a9080000 of 64 bytes failed: 仅完成部分的 ReadProcessMemory 或 WriteProcessMemory 请求。 (0x12B)
[0615/134735.962:WARNING:pe_image_reader.cc(340)] could not read dos header from C:\WINDOWS\SYSTEM32\CRYPTBASE.DLL
[0615/134749.873:ERROR:process_memory_win.cc(73)] ReadMemory at 0x7ff73f9a0000 of 64 bytes failed: 仅完成部分的 ReadProcessMemory 或 WriteProcessMemory 请求。 (0x12B)
[0615/134749.873:WARNING:pe_image_reader.cc(340)] could not read dos header from C:\Program Files (x86)\Google\Chrome\Application\chrome.exe
[0615/134749.873:ERROR:process_memory_win.cc(73)] ReadMemory at 0x7ff9ac780000 of 64 bytes failed: 仅完成部分的 ReadProcessMemory 或 WriteProcessMemory 请求。 (0x12B)
[0615/134749.873:WARNING:pe_image_reader.cc(340)] could not read dos header from C:\WINDOWS\SYSTEM32\ntdll.dll
[0615/134749.873:ERROR:process_memory_win.cc(73)] ReadMemory at 0x7ff9abac0000 of 64 bytes failed: 仅完成部分的 ReadProcessMemory 或 WriteProcessMemory 请求。 (0x12B)
[0615/134749.873:WARNING:pe_image_reader.cc(340)] could not read dos header from C:\WINDOWS\System32\KERNEL32.DLL
[0615/134749.873:ERROR:process_memory_win.cc(73)] ReadMemory at 0x7ff9aa390000 of 64 bytes failed: 仅完成部分的 ReadProcessMemory 或 WriteProcessMemory 请求。 (0x12B)
[0615/134749.873:WARNING:pe_image_reader.cc(340)] could not read dos header from C:\WINDOWS\System32\KERNELBASE.dll
[0615/134749.873:ERROR:process_memory_win.cc(73)] ReadMemory at 0x7ff971690000 of 64 bytes failed: 仅完成部分的 ReadProcessMemory 或 WriteProcessMemory 请求。 (0x12B)
[0615/134749.873:WARNING:pe_image_reader.cc(340)] could not read dos header from C:\Program Files (x86)\Google\Chrome\Application\81.0.4044.138\chrome_elf.dll
[0615/134749.873:ERROR:process_memory_win.cc(73)] ReadMemory at 0x7ff9a3e40000 of 64 bytes failed: 仅完成部分的 ReadProcessMemory 或 WriteProcessMemory 请求。 (0x12B)
[0615/134749.873:WARNING:pe_image_reader.cc(340)] could not read dos header from C:\WINDOWS\SYSTEM32\VERSION.dll
[0615/134749.873:ERROR:process_memory_win.cc(73)] ReadMemory at 0x7ff9ac300000 of 64 bytes failed: 仅完成部分的 ReadProcessMemory 或 WriteProcessMemory 请求。 (0x12B)
[0615/134749.873:WARNING:pe_image_reader.cc(340)] could not read dos header from C:\WINDOWS\System32\msvcrt.dll
[0615/134749.873:ERROR:process_memory_win.cc(73)] ReadMemory at 0x7ff9a99b0000 of 64 bytes failed: 仅完成部分的 ReadProcessMemory 或 WriteProcessMemory 请求。 (0x12B)
[0615/134749.873:WARNING:pe_image_reader.cc(340)] could not read dos header from C:\WINDOWS\System32\bcryptPrimitives.dll
[0615/134749.873:ERROR:process_memory_win.cc(73)] ReadMemory at 0x7ff9aaca0000 of 64 bytes failed: 仅完成部分的 ReadProcessMemory 或 WriteProcessMemory 请求。 (0x12B)
[0615/134749.873:WARNING:pe_image_reader.cc(340)] could not read dos header from C:\WINDOWS\System32\ADVAPI32.dll
[0615/134749.874:ERROR:process_memory_win.cc(73)] ReadMemory at 0x7ff9abd30000 of 64 bytes failed: 仅完成部分的 ReadProcessMemory 或 WriteProcessMemory 请求。 (0x12B)
[0615/134749.874:WARNING:pe_image_reader.cc(340)] could not read dos header from C:\WINDOWS\System32\sechost.dll
[0615/134749.874:ERROR:process_memory_win.cc(73)] ReadMemory at 0x7ff9aa840000 of 64 bytes failed: 仅完成部分的 ReadProcessMemory 或 WriteProcessMemory 请求。 (0x12B)
[0615/134749.874:WARNING:pe_image_reader.cc(340)] could not read dos header from C:\WINDOWS\System32\RPCRT4.dll
[0615/134749.874:ERROR:process_memory_win.cc(73)] ReadMemory at 0x7ff9366b0000 of 64 bytes failed: 仅完成部分的 ReadProcessMemory 或 WriteProcessMemory 请求。 (0x12B)
[0615/134749.874:WARNING:pe_image_reader.cc(340)] could not read dos header from C:\Program Files (x86)\Google\Chrome\Application\81.0.4044.138\chrome.dll
[0615/134749.874:ERROR:process_memory_win.cc(73)] ReadMemory at 0x7ff9abbc0000 of 64 bytes failed: 仅完成部分的 ReadProcessMemory 或 WriteProcessMemory 请求。 (0x12B)
[0615/134749.874:WARNING:pe_image_reader.cc(340)] could not read dos header from C:\WINDOWS\System32\WS2_32.dll
[0615/134749.874:ERROR:process_memory_win.cc(73)] ReadMemory at 0x7ff9abc30000 of 64 bytes failed: 仅完成部分的 ReadProcessMemory 或 WriteProcessMemory 请求。 (0x12B)
[0615/134749.874:WARNING:pe_image_reader.cc(340)] could not read dos header from C:\WINDOWS\System32\OLEAUT32.dll
[0615/134749.874:ERROR:process_memory_win.cc(73)] ReadMemory at 0x7ff9aa640000 of 64 bytes failed: 仅完成部分的 ReadProcessMemory 或 WriteProcessMemory 请求。 (0x12B)
[0615/134749.874:WARNING:pe_image_reader.cc(340)] could not read dos header from C:\WINDOWS\System32\msvcp_win.dll
[0615/134749.874:ERROR:process_memory_win.cc(73)] ReadMemory at 0x7ff9a9ac0000 of 64 bytes failed: 仅完成部分的 ReadProcessMemory 或 WriteProcessMemory 请求。 (0x12B)
[0615/134749.874:WARNING:pe_image_reader.cc(340)] could not read dos header from C:\WINDOWS\System32\ucrtbase.dll
[0615/134749.874:ERROR:process_memory_win.cc(73)] ReadMemory at 0x7ff9aa960000 of 64 bytes failed: 仅完成部分的 ReadProcessMemory 或 WriteProcessMemory 请求。 (0x12B)
[0615/134749.874:WARNING:pe_image_reader.cc(340)] could not read dos header from C:\WINDOWS\System32\combase.dll
[0615/134749.874:ERROR:process_memory_win.cc(73)] ReadMemory at 0x7ff9a9a60000 of 64 bytes failed: 仅完成部分的 ReadProcessMemory 或 WriteProcessMemory 请求。 (0x12B)
[0615/134749.874:WARNING:pe_image_reader.cc(340)] could not read dos header from C:\WINDOWS\System32\WINTRUST.dll
[0615/134749.874:ERROR:process_memory_win.cc(73)] ReadMemory at 0x7ff9a96c0000 of 64 bytes failed: 仅完成部分的 ReadProcessMemory 或 WriteProcessMemory 请求。 (0x12B)
[0615/134749.875:WARNING:pe_image_reader.cc(340)] could not read dos header from C:\WINDOWS\System32\MSASN1.dll
[0615/134749.875:ERROR:process_memory_win.cc(73)] ReadMemory at 0x7ff9aa6e0000 of 64 bytes failed: 仅完成部分的 ReadProcessMemory 或 WriteProcessMemory 请求。 (0x12B)
[0615/134749.875:WARNING:pe_image_reader.cc(340)] could not read dos header from C:\WINDOWS\System32\CRYPT32.dll
[0615/134749.875:ERROR:process_memory_win.cc(73)] ReadMemory at 0x7ff9a8bc0000 of 64 bytes failed: 仅完成部分的 ReadProcessMemory 或 WriteProcessMemory 请求。 (0x12B)
[0615/134749.875:WARNING:pe_image_reader.cc(340)] could not read dos header from C:\WINDOWS\SYSTEM32\IPHLPAPI.DLL
[0615/134749.875:ERROR:process_memory_win.cc(73)] ReadMemory at 0x7ff9a5de0000 of 64 bytes failed: 仅完成部分的 ReadProcessMemory 或 WriteProcessMemory 请求。 (0x12B)
[0615/134749.875:WARNING:pe_image_reader.cc(340)] could not read dos header from C:\WINDOWS\SYSTEM32\WINMM.dll
[0615/134749.875:ERROR:process_memory_win.cc(73)] ReadMemory at 0x7ff9987c0000 of 64 bytes failed: 仅完成部分的 ReadProcessMemory 或 WriteProcessMemory 请求。 (0x12B)
[0615/134749.875:WARNING:pe_image_reader.cc(340)] could not read dos header from C:\WINDOWS\SYSTEM32\Secur32.dll
[0615/134749.875:ERROR:process_memory_win.cc(73)] ReadMemory at 0x7ff9a9560000 of 64 bytes failed: 仅完成部分的 ReadProcessMemory 或 WriteProcessMemory 请求。 (0x12B)
[0615/134749.875:WARNING:pe_image_reader.cc(340)] could not read dos header from C:\WINDOWS\SYSTEM32\USERENV.dll
[0615/134749.875:ERROR:process_memory_win.cc(73)] ReadMemory at 0x7ff9a96e0000 of 64 bytes failed: 仅完成部分的 ReadProcessMemory 或 WriteProcessMemory 请求。 (0x12B)
[0615/134749.875:WARNING:pe_image_reader.cc(340)] could not read dos header from C:\WINDOWS\System32\profapi.dll
[0615/134749.875:ERROR:process_memory_win.cc(73)] ReadMemory at 0x7ff97c840000 of 64 bytes failed: 仅完成部分的 ReadProcessMemory 或 WriteProcessMemory 请求。 (0x12B)
[0615/134749.875:WARNING:pe_image_reader.cc(340)] could not read dos header from C:\WINDOWS\SYSTEM32\UIAutomationCore.DLL
[0615/134749.875:ERROR:process_memory_win.cc(73)] ReadMemory at 0x7ff9829d0000 of 64 bytes failed: 仅完成部分的 ReadProcessMemory 或 WriteProcessMemory 请求。 (0x12B)
[0615/134749.875:WARNING:pe_image_reader.cc(340)] could not read dos header from C:\WINDOWS\SYSTEM32\DWrite.dll
[0615/134749.875:ERROR:process_memory_win.cc(73)] ReadMemory at 0x7ff9961a0000 of 64 bytes failed: 仅完成部分的 ReadProcessMemory 或 WriteProcessMemory 请求。 (0x12B)
[0615/134749.875:WARNING:pe_image_reader.cc(340)] could not read dos header from C:\WINDOWS\SYSTEM32\WINSPOOL.DRV
[0615/134749.875:ERROR:process_memory_win.cc(73)] ReadMemory at 0x7ff9a9650000 of 64 bytes failed: 仅完成部分的 ReadProcessMemory 或 WriteProcessMemory 请求。 (0x12B)
[0615/134749.875:WARNING:pe_image_reader.cc(340)] could not read dos header from C:\WINDOWS\System32\kernel.appcore.dll
[0615/134749.875:ERROR:process_memory_win.cc(73)] ReadMemory at 0x7ff9a9a30000 of 64 bytes failed: 仅完成部分的 ReadProcessMemory 或 WriteProcessMemory 请求。 (0x12B)
[0615/134749.875:WARNING:pe_image_reader.cc(340)] could not read dos header from C:\WINDOWS\System32\bcrypt.dll
[0615/134749.875:ERROR:process_memory_win.cc(73)] ReadMemory at 0x7ff9a7fb0000 of 64 bytes failed: 仅完成部分的 ReadProcessMemory 或 WriteProcessMemory 请求。 (0x12B)
[0615/134749.875:WARNING:pe_image_reader.cc(340)] could not read dos header from C:\WINDOWS\SYSTEM32\dbghelp.dll
[0615/134749.875:ERROR:process_memory_win.cc(73)] ReadMemory at 0x7ff99ee20000 of 64 bytes failed: 仅完成部分的 ReadProcessMemory 或 WriteProcessMemory 请求。 (0x12B)
[0615/134749.875:WARNING:pe_image_reader.cc(340)] could not read dos header from C:\WINDOWS\SYSTEM32\WINHTTP.dll
[0615/134749.875:ERROR:process_memory_win.cc(73)] ReadMemory at 0x7ff9a2010000 of 64 bytes failed: 仅完成部分的 ReadProcessMemory 或 WriteProcessMemory 请求。 (0x12B)
[0615/134749.876:WARNING:pe_image_reader.cc(340)] could not read dos header from C:\WINDOWS\SYSTEM32\dhcpcsvc.DLL
[0615/134749.876:ERROR:process_memory_win.cc(73)] ReadMemory at 0x7ff9abd00000 of 64 bytes failed: 仅完成部分的 ReadProcessMemory 或 WriteProcessMemory 请求。 (0x12B)
[0615/134749.876:WARNING:pe_image_reader.cc(340)] could not read dos header from C:\WINDOWS\System32\NSI.dll
[0615/134749.876:ERROR:process_memory_win.cc(73)] ReadMemory at 0x7ff9a5db0000 of 64 bytes failed: 仅完成部分的 ReadProcessMemory 或 WriteProcessMemory 请求。 (0x12B)
[0615/134749.876:WARNING:pe_image_reader.cc(340)] could not read dos header from C:\WINDOWS\SYSTEM32\WINMMBASE.dll
[0615/134749.876:ERROR:process_memory_win.cc(73)] ReadMemory at 0x7ff9a97c0000 of 64 bytes failed: 仅完成部分的 ReadProcessMemory 或 WriteProcessMemory 请求。 (0x12B)
[0615/134749.876:WARNING:pe_image_reader.cc(340)] could not read dos header from C:\WINDOWS\System32\cfgmgr32.dll
[0615/134749.876:ERROR:process_memory_win.cc(73)] ReadMemory at 0x7ff9a7d40000 of 64 bytes failed: 仅完成部分的 ReadProcessMemory 或 WriteProcessMemory 请求。 (0x12B)
[0615/134749.876:WARNING:pe_image_reader.cc(340)] could not read dos header from C:\WINDOWS\SYSTEM32\PROPSYS.dll
[0615/134749.876:ERROR:process_memory_win.cc(73)] ReadMemory at 0x7ff9ab020000 of 64 bytes failed: 仅完成部分的 ReadProcessMemory 或 WriteProcessMemory 请求。 (0x12B)
[0615/134749.876:WARNING:pe_image_reader.cc(340)] could not read dos header from C:\WINDOWS\System32\shcore.dll
[0615/134749.876:ERROR:process_memory_win.cc(73)] ReadMemory at 0x7ff9a9530000 of 64 bytes failed: 仅完成部分的 ReadProcessMemory 或 WriteProcessMemory 请求。 (0x12B)
[0615/134749.876:WARNING:pe_image_reader.cc(340)] could not read dos header from C:\WINDOWS\SYSTEM32\SSPICLI.DLL
[0615/134749.876:ERROR:process_memory_win.cc(73)] ReadMemory at 0x7ff9a9080000 of 64 bytes failed: 仅完成部分的 ReadProcessMemory 或 WriteProcessMemory 请求。 (0x12B)
[0615/134749.876:WARNING:pe_image_reader.cc(340)] could not read dos header from C:\WINDOWS\SYSTEM32\CRYPTBASE.DLL
[0615/134749.879:ERROR:process_memory_win.cc(73)] ReadMemory at 0x7ff73f9a0000 of 64 bytes failed: 仅完成部分的 ReadProcessMemory 或 WriteProcessMemory 请求。 (0x12B)
[0615/134749.879:WARNING:pe_image_reader.cc(340)] could not read dos header from C:\Program Files (x86)\Google\Chrome\Application\chrome.exe
[0615/134749.879:ERROR:process_memory_win.cc(73)] ReadMemory at 0x7ff9ac780000 of 64 bytes failed: 仅完成部分的 ReadProcessMemory 或 WriteProcessMemory 请求。 (0x12B)
[0615/134749.879:WARNING:pe_image_reader.cc(340)] could not read dos header from C:\WINDOWS\SYSTEM32\ntdll.dll
[0615/134749.880:ERROR:process_memory_win.cc(73)] ReadMemory at 0x7ff9abac0000 of 64 bytes failed: 仅完成部分的 ReadProcessMemory 或 WriteProcessMemory 请求。 (0x12B)
[0615/134749.880:WARNING:pe_image_reader.cc(340)] could not read dos header from C:\WINDOWS\System32\KERNEL32.DLL
[0615/134749.880:ERROR:process_memory_win.cc(73)] ReadMemory at 0x7ff9aa390000 of 64 bytes failed: 仅完成部分的 ReadProcessMemory 或 WriteProcessMemory 请求。 (0x12B)
[0615/134749.880:WARNING:pe_image_reader.cc(340)] could not read dos header from C:\WINDOWS\System32\KERNELBASE.dll
[0615/134749.880:ERROR:process_memory_win.cc(73)] ReadMemory at 0x7ff971690000 of 64 bytes failed: 仅完成部分的 ReadProcessMemory 或 WriteProcessMemory 请求。 (0x12B)
[0615/134749.880:WARNING:pe_image_reader.cc(340)] could not read dos header from C:\Program Files (x86)\Google\Chrome\Application\81.0.4044.138\chrome_elf.dll
[0615/134749.880:ERROR:process_memory_win.cc(73)] ReadMemory at 0x7ff9a3e40000 of 64 bytes failed: 仅完成部分的 ReadProcessMemory 或 WriteProcessMemory 请求。 (0x12B)
[0615/134749.880:WARNING:pe_image_reader.cc(340)] could not read dos header from C:\WINDOWS\SYSTEM32\VERSION.dll
[0615/134749.880:ERROR:process_memory_win.cc(73)] ReadMemory at 0x7ff9ac300000 of 64 bytes failed: 仅完成部分的 ReadProcessMemory 或 WriteProcessMemory 请求。 (0x12B)
[0615/134749.880:WARNING:pe_image_reader.cc(340)] could not read dos header from C:\WINDOWS\System32\msvcrt.dll
[0615/134749.880:ERROR:process_memory_win.cc(73)] ReadMemory at 0x7ff9a99b0000 of 64 bytes failed: 仅完成部分的 ReadProcessMemory 或 WriteProcessMemory 请求。 (0x12B)
[0615/134749.880:WARNING:pe_image_reader.cc(340)] could not read dos header from C:\WINDOWS\System32\bcryptPrimitives.dll
[0615/134749.880:ERROR:process_memory_win.cc(73)] ReadMemory at 0x7ff9aaca0000 of 64 bytes failed: 仅完成部分的 ReadProcessMemory 或 WriteProcessMemory 请求。 (0x12B)
[0615/134749.880:WARNING:pe_image_reader.cc(340)] could not read dos header from C:\WINDOWS\System32\ADVAPI32.dll
[0615/134749.880:ERROR:process_memory_win.cc(73)] ReadMemory at 0x7ff9abd30000 of 64 bytes failed: 仅完成部分的 ReadProcessMemory 或 WriteProcessMemory 请求。 (0x12B)
[0615/134749.880:WARNING:pe_image_reader.cc(340)] could not read dos header from C:\WINDOWS\System32\sechost.dll
[0615/134749.880:ERROR:process_memory_win.cc(73)] ReadMemory at 0x7ff9aa840000 of 64 bytes failed: 仅完成部分的 ReadProcessMemory 或 WriteProcessMemory 请求。 (0x12B)
[0615/134749.880:WARNING:pe_image_reader.cc(340)] could not read dos header from C:\WINDOWS\System32\RPCRT4.dll
[0615/134749.880:ERROR:process_memory_win.cc(73)] ReadMemory at 0x7ff9366b0000 of 64 bytes failed: 仅完成部分的 ReadProcessMemory 或 WriteProcessMemory 请求。 (0x12B)
[0615/134749.880:WARNING:pe_image_reader.cc(340)] could not read dos header from C:\Program Files (x86)\Google\Chrome\Application\81.0.4044.138\chrome.dll
[0615/134749.880:ERROR:process_memory_win.cc(73)] ReadMemory at 0x7ff9abbc0000 of 64 bytes failed: 仅完成部分的 ReadProcessMemory 或 WriteProcessMemory 请求。 (0x12B)
[0615/134749.880:WARNING:pe_image_reader.cc(340)] could not read dos header from C:\WINDOWS\System32\WS2_32.dll
[0615/134749.880:ERROR:process_memory_win.cc(73)] ReadMemory at 0x7ff9abc30000 of 64 bytes failed: 仅完成部分的 ReadProcessMemory 或 WriteProcessMemory 请求。 (0x12B)
[0615/134749.880:WARNING:pe_image_reader.cc(340)] could not read dos header from C:\WINDOWS\System32\OLEAUT32.dll
[0615/134749.880:ERROR:process_memory_win.cc(73)] ReadMemory at 0x7ff9aa640000 of 64 bytes failed: 仅完成部分的 ReadProcessMemory 或 WriteProcessMemory 请求。 (0x12B)
[0615/134749.880:WARNING:pe_image_reader.cc(340)] could not read dos header from C:\WINDOWS\System32\msvcp_win.dll
[0615/134749.880:ERROR:process_memory_win.cc(73)] ReadMemory at 0x7ff9a9ac0000 of 64 bytes failed: 仅完成部分的 ReadProcessMemory 或 WriteProcessMemory 请求。 (0x12B)
[0615/134749.880:WARNING:pe_image_reader.cc(340)] could not read dos header from C:\WINDOWS\System32\ucrtbase.dll
[0615/134749.880:ERROR:process_memory_win.cc(73)] ReadMemory at 0x7ff9aa960000 of 64 bytes failed: 仅完成部分的 ReadProcessMemory 或 WriteProcessMemory 请求。 (0x12B)
[0615/134749.880:WARNING:pe_image_reader.cc(340)] could not read dos header from C:\WINDOWS\System32\combase.dll
[0615/134749.880:ERROR:process_memory_win.cc(73)] ReadMemory at 0x7ff9a9a60000 of 64 bytes failed: 仅完成部分的 ReadProcessMemory 或 WriteProcessMemory 请求。 (0x12B)
[0615/134749.880:WARNING:pe_image_reader.cc(340)] could not read dos header from C:\WINDOWS\System32\WINTRUST.dll
[0615/134749.880:ERROR:process_memory_win.cc(73)] ReadMemory at 0x7ff9a96c0000 of 64 bytes failed: 仅完成部分的 ReadProcessMemory 或 WriteProcessMemory 请求。 (0x12B)
[0615/134749.880:WARNING:pe_image_reader.cc(340)] could not read dos header from C:\WINDOWS\System32\MSASN1.dll
[0615/134749.880:ERROR:process_memory_win.cc(73)] ReadMemory at 0x7ff9aa6e0000 of 64 bytes failed: 仅完成部分的 ReadProcessMemory 或 WriteProcessMemory 请求。 (0x12B)
[0615/134749.880:WARNING:pe_image_reader.cc(340)] could not read dos header from C:\WINDOWS\System32\CRYPT32.dll
[0615/134749.880:ERROR:process_memory_win.cc(73)] ReadMemory at 0x7ff9a8bc0000 of 64 bytes failed: 仅完成部分的 ReadProcessMemory 或 WriteProcessMemory 请求。 (0x12B)
[0615/134749.880:WARNING:pe_image_reader.cc(340)] could not read dos header from C:\WINDOWS\SYSTEM32\IPHLPAPI.DLL
[0615/134749.880:ERROR:process_memory_win.cc(73)] ReadMemory at 0x7ff9a5de0000 of 64 bytes failed: 仅完成部分的 ReadProcessMemory 或 WriteProcessMemory 请求。 (0x12B)
[0615/134749.880:WARNING:pe_image_reader.cc(340)] could not read dos header from C:\WINDOWS\SYSTEM32\WINMM.dll
[0615/134749.880:ERROR:process_memory_win.cc(73)] ReadMemory at 0x7ff9987c0000 of 64 bytes failed: 仅完成部分的 ReadProcessMemory 或 WriteProcessMemory 请求。 (0x12B)
[0615/134749.880:WARNING:pe_image_reader.cc(340)] could not read dos header from C:\WINDOWS\SYSTEM32\Secur32.dll
[0615/134749.880:ERROR:process_memory_win.cc(73)] ReadMemory at 0x7ff9a9560000 of 64 bytes failed: 仅完成部分的 ReadProcessMemory 或 WriteProcessMemory 请求。 (0x12B)
[0615/134749.880:WARNING:pe_image_reader.cc(340)] could not read dos header from C:\WINDOWS\SYSTEM32\USERENV.dll
[0615/134749.880:ERROR:process_memory_win.cc(73)] ReadMemory at 0x7ff9a96e0000 of 64 bytes failed: 仅完成部分的 ReadProcessMemory 或 WriteProcessMemory 请求。 (0x12B)
[0615/134749.880:WARNING:pe_image_reader.cc(340)] could not read dos header from C:\WINDOWS\System32\profapi.dll
[0615/134749.881:ERROR:process_memory_win.cc(73)] ReadMemory at 0x7ff97c840000 of 64 bytes failed: 仅完成部分的 ReadProcessMemory 或 WriteProcessMemory 请求。 (0x12B)
[0615/134749.881:WARNING:pe_image_reader.cc(340)] could not read dos header from C:\WINDOWS\SYSTEM32\UIAutomationCore.DLL
[0615/134749.881:ERROR:process_memory_win.cc(73)] ReadMemory at 0x7ff9829d0000 of 64 bytes failed: 仅完成部分的 ReadProcessMemory 或 WriteProcessMemory 请求。 (0x12B)
[0615/134749.881:WARNING:pe_image_reader.cc(340)] could not read dos header from C:\WINDOWS\SYSTEM32\DWrite.dll
[0615/134749.881:ERROR:process_memory_win.cc(73)] ReadMemory at 0x7ff9961a0000 of 64 bytes failed: 仅完成部分的 ReadProcessMemory 或 WriteProcessMemory 请求。 (0x12B)
[0615/134749.881:WARNING:pe_image_reader.cc(340)] could not read dos header from C:\WINDOWS\SYSTEM32\WINSPOOL.DRV
[0615/134749.881:ERROR:process_memory_win.cc(73)] ReadMemory at 0x7ff9a9650000 of 64 bytes failed: 仅完成部分的 ReadProcessMemory 或 WriteProcessMemory 请求。 (0x12B)
[0615/134749.881:WARNING:pe_image_reader.cc(340)] could not read dos header from C:\WINDOWS\System32\kernel.appcore.dll
[0615/134749.881:ERROR:process_memory_win.cc(73)] ReadMemory at 0x7ff9a9a30000 of 64 bytes failed: 仅完成部分的 ReadProcessMemory 或 WriteProcessMemory 请求。 (0x12B)
[0615/134749.881:WARNING:pe_image_reader.cc(340)] could not read dos header from C:\WINDOWS\System32\bcrypt.dll
[0615/134749.881:ERROR:process_memory_win.cc(73)] ReadMemory at 0x7ff9a7fb0000 of 64 bytes failed: 仅完成部分的 ReadProcessMemory 或 WriteProcessMemory 请求。 (0x12B)
[0615/134749.881:WARNING:pe_image_reader.cc(340)] could not read dos header from C:\WINDOWS\SYSTEM32\dbghelp.dll
[0615/134749.881:ERROR:process_memory_win.cc(73)] ReadMemory at 0x7ff99ee20000 of 64 bytes failed: 仅完成部分的 ReadProcessMemory 或 WriteProcessMemory 请求。 (0x12B)
[0615/134749.881:WARNING:pe_image_reader.cc(340)] could not read dos header from C:\WINDOWS\SYSTEM32\WINHTTP.dll
[0615/134749.881:ERROR:process_memory_win.cc(73)] ReadMemory at 0x7ff9a2010000 of 64 bytes failed: 仅完成部分的 ReadProcessMemory 或 WriteProcessMemory 请求。 (0x12B)
[0615/134749.881:WARNING:pe_image_reader.cc(340)] could not read dos header from C:\WINDOWS\SYSTEM32\dhcpcsvc.DLL
[0615/134749.881:ERROR:process_memory_win.cc(73)] ReadMemory at 0x7ff9abd00000 of 64 bytes failed: 仅完成部分的 ReadProcessMemory 或 WriteProcessMemory 请求。 (0x12B)
[0615/134749.881:WARNING:pe_image_reader.cc(340)] could not read dos header from C:\WINDOWS\System32\NSI.dll
[0615/134749.881:ERROR:process_memory_win.cc(73)] ReadMemory at 0x7ff9a5db0000 of 64 bytes failed: 仅完成部分的 ReadProcessMemory 或 WriteProcessMemory 请求。 (0x12B)
[0615/134749.881:WARNING:pe_image_reader.cc(340)] could not read dos header from C:\WINDOWS\SYSTEM32\WINMMBASE.dll
[0615/134749.881:ERROR:process_memory_win.cc(73)] ReadMemory at 0x7ff9a97c0000 of 64 bytes failed: 仅完成部分的 ReadProcessMemory 或 WriteProcessMemory 请求。 (0x12B)
[0615/134749.881:WARNING:pe_image_reader.cc(340)] could not read dos header from C:\WINDOWS\System32\cfgmgr32.dll
[0615/134749.881:ERROR:process_memory_win.cc(73)] ReadMemory at 0x7ff9a7d40000 of 64 bytes failed: 仅完成部分的 ReadProcessMemory 或 WriteProcessMemory 请求。 (0x12B)
[0615/134749.881:WARNING:pe_image_reader.cc(340)] could not read dos header from C:\WINDOWS\SYSTEM32\PROPSYS.dll
[0615/134749.881:ERROR:process_memory_win.cc(73)] ReadMemory at 0x7ff9ab020000 of 64 bytes failed: 仅完成部分的 ReadProcessMemory 或 WriteProcessMemory 请求。 (0x12B)
[0615/134749.881:WARNING:pe_image_reader.cc(340)] could not read dos header from C:\WINDOWS\System32\shcore.dll
[0615/134749.881:ERROR:process_memory_win.cc(73)] ReadMemory at 0x7ff9a9530000 of 64 bytes failed: 仅完成部分的 ReadProcessMemory 或 WriteProcessMemory 请求。 (0x12B)
[0615/134749.881:WARNING:pe_image_reader.cc(340)] could not read dos header from C:\WINDOWS\SYSTEM32\SSPICLI.DLL
[0615/134749.881:ERROR:process_memory_win.cc(73)] ReadMemory at 0x7ff9a9080000 of 64 bytes failed: 仅完成部分的 ReadProcessMemory 或 WriteProcessMemory 请求。 (0x12B)
[0615/134749.881:WARNING:pe_image_reader.cc(340)] could not read dos header from C:\WINDOWS\SYSTEM32\CRYPTBASE.DLL
[0615/134749.881:ERROR:process_memory_win.cc(73)] ReadMemory at 0x7ff73f9a0000 of 64 bytes failed: 仅完成部分的 ReadProcessMemory 或 WriteProcessMemory 请求。 (0x12B)
[0615/134749.881:WARNING:pe_image_reader.cc(340)] could not read dos header from C:\Program Files (x86)\Google\Chrome\Application\chrome.exe
[0615/134749.881:ERROR:process_memory_win.cc(73)] ReadMemory at 0x7ff9ac780000 of 64 bytes failed: 仅完成部分的 ReadProcessMemory 或 WriteProcessMemory 请求。 (0x12B)
[0615/134749.881:WARNING:pe_image_reader.cc(340)] could not read dos header from C:\WINDOWS\SYSTEM32\ntdll.dll
[0615/134749.881:ERROR:process_memory_win.cc(73)] ReadMemory at 0x7ff9abac0000 of 64 bytes failed: 仅完成部分的 ReadProcessMemory 或 WriteProcessMemory 请求。 (0x12B)
[0615/134749.881:WARNING:pe_image_reader.cc(340)] could not read dos header from C:\WINDOWS\System32\KERNEL32.DLL
[0615/134749.881:ERROR:process_memory_win.cc(73)] ReadMemory at 0x7ff9aa390000 of 64 bytes failed: 仅完成部分的 ReadProcessMemory 或 WriteProcessMemory 请求。 (0x12B)
[0615/134749.881:WARNING:pe_image_reader.cc(340)] could not read dos header from C:\WINDOWS\System32\KERNELBASE.dll
[0615/134749.881:ERROR:process_memory_win.cc(73)] ReadMemory at 0x7ff971690000 of 64 bytes failed: 仅完成部分的 ReadProcessMemory 或 WriteProcessMemory 请求。 (0x12B)
[0615/134749.881:WARNING:pe_image_reader.cc(340)] could not read dos header from C:\Program Files (x86)\Google\Chrome\Application\81.0.4044.138\chrome_elf.dll
[0615/134749.881:ERROR:process_memory_win.cc(73)] ReadMemory at 0x7ff9a3e40000 of 64 bytes failed: 仅完成部分的 ReadProcessMemory 或 WriteProcessMemory 请求。 (0x12B)
[0615/134749.881:WARNING:pe_image_reader.cc(340)] could not read dos header from C:\WINDOWS\SYSTEM32\VERSION.dll
[0615/134749.881:ERROR:process_memory_win.cc(73)] ReadMemory at 0x7ff9ac300000 of 64 bytes failed: 仅完成部分的 ReadProcessMemory 或 WriteProcessMemory 请求。 (0x12B)
[0615/134749.881:WARNING:pe_image_reader.cc(340)] could not read dos header from C:\WINDOWS\System32\msvcrt.dll
[0615/134749.881:ERROR:process_memory_win.cc(73)] ReadMemory at 0x7ff9a99b0000 of 64 bytes failed: 仅完成部分的 ReadProcessMemory 或 WriteProcessMemory 请求。 (0x12B)
[0615/134749.881:WARNING:pe_image_reader.cc(340)] could not read dos header from C:\WINDOWS\System32\bcryptPrimitives.dll
[0615/134749.881:ERROR:process_memory_win.cc(73)] ReadMemory at 0x7ff9aaca0000 of 64 bytes failed: 仅完成部分的 ReadProcessMemory 或 WriteProcessMemory 请求。 (0x12B)
[0615/134749.881:WARNING:pe_image_reader.cc(340)] could not read dos header from C:\WINDOWS\System32\ADVAPI32.dll
[0615/134749.882:ERROR:process_memory_win.cc(73)] ReadMemory at 0x7ff9abd30000 of 64 bytes failed: 仅完成部分的 ReadProcessMemory 或 WriteProcessMemory 请求。 (0x12B)
[0615/134749.882:WARNING:pe_image_reader.cc(340)] could not read dos header from C:\WINDOWS\System32\sechost.dll
[0615/134749.882:ERROR:process_memory_win.cc(73)] ReadMemory at 0x7ff9aa840000 of 64 bytes failed: 仅完成部分的 ReadProcessMemory 或 WriteProcessMemory 请求。 (0x12B)
[0615/134749.882:WARNING:pe_image_reader.cc(340)] could not read dos header from C:\WINDOWS\System32\RPCRT4.dll
[0615/134749.882:ERROR:process_memory_win.cc(73)] ReadMemory at 0x7ff9366b0000 of 64 bytes failed: 仅完成部分的 ReadProcessMemory 或 WriteProcessMemory 请求。 (0x12B)
[0615/134749.882:WARNING:pe_image_reader.cc(340)] could not read dos header from C:\Program Files (x86)\Google\Chrome\Application\81.0.4044.138\chrome.dll
[0615/134749.882:ERROR:process_memory_win.cc(73)] ReadMemory at 0x7ff9abbc0000 of 64 bytes failed: 仅完成部分的 ReadProcessMemory 或 WriteProcessMemory 请求。 (0x12B)
[0615/134749.882:WARNING:pe_image_reader.cc(340)] could not read dos header from C:\WINDOWS\System32\WS2_32.dll
[0615/134749.882:ERROR:process_memory_win.cc(73)] ReadMemory at 0x7ff9abc30000 of 64 bytes failed: 仅完成部分的 ReadProcessMemory 或 WriteProcessMemory 请求。 (0x12B)
[0615/134749.882:WARNING:pe_image_reader.cc(340)] could not read dos header from C:\WINDOWS\System32\OLEAUT32.dll
[0615/134749.882:ERROR:process_memory_win.cc(73)] ReadMemory at 0x7ff9aa640000 of 64 bytes failed: 仅完成部分的 ReadProcessMemory 或 WriteProcessMemory 请求。 (0x12B)
[0615/134749.882:WARNING:pe_image_reader.cc(340)] could not read dos header from C:\WINDOWS\System32\msvcp_win.dll
[0615/134749.882:ERROR:process_memory_win.cc(73)] ReadMemory at 0x7ff9a9ac0000 of 64 bytes failed: 仅完成部分的 ReadProcessMemory 或 WriteProcessMemory 请求。 (0x12B)
[0615/134749.882:WARNING:pe_image_reader.cc(340)] could not read dos header from C:\WINDOWS\System32\ucrtbase.dll
[0615/134749.882:ERROR:process_memory_win.cc(73)] ReadMemory at 0x7ff9aa960000 of 64 bytes failed: 仅完成部分的 ReadProcessMemory 或 WriteProcessMemory 请求。 (0x12B)
[0615/134749.882:WARNING:pe_image_reader.cc(340)] could not read dos header from C:\WINDOWS\System32\combase.dll
[0615/134749.882:ERROR:process_memory_win.cc(73)] ReadMemory at 0x7ff9a9a60000 of 64 bytes failed: 仅完成部分的 ReadProcessMemory 或 WriteProcessMemory 请求。 (0x12B)
[0615/134749.882:WARNING:pe_image_reader.cc(340)] could not read dos header from C:\WINDOWS\System32\WINTRUST.dll
[0615/134749.882:ERROR:process_memory_win.cc(73)] ReadMemory at 0x7ff9a96c0000 of 64 bytes failed: 仅完成部分的 ReadProcessMemory 或 WriteProcessMemory 请求。 (0x12B)
[0615/134749.882:WARNING:pe_image_reader.cc(340)] could not read dos header from C:\WINDOWS\System32\MSASN1.dll
[0615/134749.882:ERROR:process_memory_win.cc(73)] ReadMemory at 0x7ff9aa6e0000 of 64 bytes failed: 仅完成部分的 ReadProcessMemory 或 WriteProcessMemory 请求。 (0x12B)
[0615/134749.882:WARNING:pe_image_reader.cc(340)] could not read dos header from C:\WINDOWS\System32\CRYPT32.dll
[0615/134749.882:ERROR:process_memory_win.cc(73)] ReadMemory at 0x7ff9a8bc0000 of 64 bytes failed: 仅完成部分的 ReadProcessMemory 或 WriteProcessMemory 请求。 (0x12B)
[0615/134749.882:WARNING:pe_image_reader.cc(340)] could not read dos header from C:\WINDOWS\SYSTEM32\IPHLPAPI.DLL
[0615/134749.882:ERROR:process_memory_win.cc(73)] ReadMemory at 0x7ff9a5de0000 of 64 bytes failed: 仅完成部分的 ReadProcessMemory 或 WriteProcessMemory 请求。 (0x12B)
[0615/134749.882:WARNING:pe_image_reader.cc(340)] could not read dos header from C:\WINDOWS\SYSTEM32\WINMM.dll
[0615/134749.882:ERROR:process_memory_win.cc(73)] ReadMemory at 0x7ff9987c0000 of 64 bytes failed: 仅完成部分的 ReadProcessMemory 或 WriteProcessMemory 请求。 (0x12B)
[0615/134749.882:WARNING:pe_image_reader.cc(340)] could not read dos header from C:\WINDOWS\SYSTEM32\Secur32.dll
[0615/134749.882:ERROR:process_memory_win.cc(73)] ReadMemory at 0x7ff9a9560000 of 64 bytes failed: 仅完成部分的 ReadProcessMemory 或 WriteProcessMemory 请求。 (0x12B)
[0615/134749.882:WARNING:pe_image_reader.cc(340)] could not read dos header from C:\WINDOWS\SYSTEM32\USERENV.dll
[0615/134749.882:ERROR:process_memory_win.cc(73)] ReadMemory at 0x7ff9a96e0000 of 64 bytes failed: 仅完成部分的 ReadProcessMemory 或 WriteProcessMemory 请求。 (0x12B)
[0615/134749.882:WARNING:pe_image_reader.cc(340)] could not read dos header from C:\WINDOWS\System32\profapi.dll
[0615/134749.882:ERROR:process_memory_win.cc(73)] ReadMemory at 0x7ff97c840000 of 64 bytes failed: 仅完成部分的 ReadProcessMemory 或 WriteProcessMemory 请求。 (0x12B)
[0615/134749.882:WARNING:pe_image_reader.cc(340)] could not read dos header from C:\WINDOWS\SYSTEM32\UIAutomationCore.DLL
[0615/134749.882:ERROR:process_memory_win.cc(73)] ReadMemory at 0x7ff9829d0000 of 64 bytes failed: 仅完成部分的 ReadProcessMemory 或 WriteProcessMemory 请求。 (0x12B)
[0615/134749.882:WARNING:pe_image_reader.cc(340)] could not read dos header from C:\WINDOWS\SYSTEM32\DWrite.dll
[0615/134749.882:ERROR:process_memory_win.cc(73)] ReadMemory at 0x7ff9961a0000 of 64 bytes failed: 仅完成部分的 ReadProcessMemory 或 WriteProcessMemory 请求。 (0x12B)
[0615/134749.882:WARNING:pe_image_reader.cc(340)] could not read dos header from C:\WINDOWS\SYSTEM32\WINSPOOL.DRV
[0615/134749.882:ERROR:process_memory_win.cc(73)] ReadMemory at 0x7ff9a9650000 of 64 bytes failed: 仅完成部分的 ReadProcessMemory 或 WriteProcessMemory 请求。 (0x12B)
[0615/134749.882:WARNING:pe_image_reader.cc(340)] could not read dos header from C:\WINDOWS\System32\kernel.appcore.dll
[0615/134749.882:ERROR:process_memory_win.cc(73)] ReadMemory at 0x7ff9a9a30000 of 64 bytes failed: 仅完成部分的 ReadProcessMemory 或 WriteProcessMemory 请求。 (0x12B)
[0615/134749.882:WARNING:pe_image_reader.cc(340)] could not read dos header from C:\WINDOWS\System32\bcrypt.dll
[0615/134749.882:ERROR:process_memory_win.cc(73)] ReadMemory at 0x7ff9a7fb0000 of 64 bytes failed: 仅完成部分的 ReadProcessMemory 或 WriteProcessMemory 请求。 (0x12B)
[0615/134749.882:WARNING:pe_image_reader.cc(340)] could not read dos header from C:\WINDOWS\SYSTEM32\dbghelp.dll
[0615/134749.882:ERROR:process_memory_win.cc(73)] ReadMemory at 0x7ff99ee20000 of 64 bytes failed: 仅完成部分的 ReadProcessMemory 或 WriteProcessMemory 请求。 (0x12B)
[0615/134749.882:WARNING:pe_image_reader.cc(340)] could not read dos header from C:\WINDOWS\SYSTEM32\WINHTTP.dll
[0615/134749.882:ERROR:process_memory_win.cc(73)] ReadMemory at 0x7ff9a2010000 of 64 bytes failed: 仅完成部分的 ReadProcessMemory 或 WriteProcessMemory 请求。 (0x12B)
[0615/134749.882:WARNING:pe_image_reader.cc(340)] could not read dos header from C:\WINDOWS\SYSTEM32\dhcpcsvc.DLL
[0615/134749.882:ERROR:process_memory_win.cc(73)] ReadMemory at 0x7ff9abd00000 of 64 bytes failed: 仅完成部分的 ReadProcessMemory 或 WriteProcessMemory 请求。 (0x12B)
[0615/134749.882:WARNING:pe_image_reader.cc(340)] could not read dos header from C:\WINDOWS\System32\NSI.dll
[0615/134749.882:ERROR:process_memory_win.cc(73)] ReadMemory at 0x7ff9a5db0000 of 64 bytes failed: 仅完成部分的 ReadProcessMemory 或 WriteProcessMemory 请求。 (0x12B)
[0615/134749.882:WARNING:pe_image_reader.cc(340)] could not read dos header from C:\WINDOWS\SYSTEM32\WINMMBASE.dll
[0615/134749.882:ERROR:process_memory_win.cc(73)] ReadMemory at 0x7ff9a97c0000 of 64 bytes failed: 仅完成部分的 ReadProcessMemory 或 WriteProcessMemory 请求。 (0x12B)
[0615/134749.882:WARNING:pe_image_reader.cc(340)] could not read dos header from C:\WINDOWS\System32\cfgmgr32.dll
[0615/134749.882:ERROR:process_memory_win.cc(73)] ReadMemory at 0x7ff9a7d40000 of 64 bytes failed: 仅完成部分的 ReadProcessMemory 或 WriteProcessMemory 请求。 (0x12B)
[0615/134749.882:WARNING:pe_image_reader.cc(340)] could not read dos header from C:\WINDOWS\SYSTEM32\PROPSYS.dll
[0615/134749.882:ERROR:process_memory_win.cc(73)] ReadMemory at 0x7ff9ab020000 of 64 bytes failed: 仅完成部分的 ReadProcessMemory 或 WriteProcessMemory 请求。 (0x12B)
[0615/134749.882:WARNING:pe_image_reader.cc(340)] could not read dos header from C:\WINDOWS\System32\shcore.dll
[0615/134749.882:ERROR:process_memory_win.cc(73)] ReadMemory at 0x7ff9a9530000 of 64 bytes failed: 仅完成部分的 ReadProcessMemory 或 WriteProcessMemory 请求。 (0x12B)
[0615/134749.882:WARNING:pe_image_reader.cc(340)] could not read dos header from C:\WINDOWS\SYSTEM32\SSPICLI.DLL
[0615/134749.882:ERROR:process_memory_win.cc(73)] ReadMemory at 0x7ff9a9080000 of 64 bytes failed: 仅完成部分的 ReadProcessMemory 或 WriteProcessMemory 请求。 (0x12B)
[0615/134749.882:WARNING:pe_image_reader.cc(340)] could not read dos header from C:\WINDOWS\SYSTEM32\CRYPTBASE.DLL
[0615/134749.894:ERROR:process_memory_win.cc(73)] ReadMemory at 0x82719f3000 of 53248 bytes failed: 仅完成部分的 ReadProcessMemory 或 WriteProcessMemory 请求。 (0x12B)
[0615/134749.894:ERROR:process_memory_win.cc(73)] ReadMemory at 0x82721fd000 of 12288 bytes failed: 仅完成部分的 ReadProcessMemory 或 WriteProcessMemory 请求。 (0x12B)
[0615/134749.894:ERROR:process_memory_win.cc(73)] ReadMemory at 0x82729fb000 of 20480 bytes failed: 仅完成部分的 ReadProcessMemory 或 WriteProcessMemory 请求。 (0x12B)
[0615/134749.894:ERROR:process_memory_win.cc(73)] ReadMemory at 0x82731fc000 of 16384 bytes failed: 仅完成部分的 ReadProcessMemory 或 WriteProcessMemory 请求。 (0x12B)
[0615/134749.894:ERROR:process_memory_win.cc(73)] ReadMemory at 0x82739fc000 of 16384 bytes failed: 仅完成部分的 ReadProcessMemory 或 WriteProcessMemory 请求。 (0x12B)
[0615/134749.895:ERROR:process_memory_win.cc(73)] ReadMemory at 0x82741fe000 of 8192 bytes failed: 仅完成部分的 ReadProcessMemory 或 WriteProcessMemory 请求。 (0x12B)
[0615/134749.895:ERROR:process_memory_win.cc(73)] ReadMemory at 0x82749fd000 of 12288 bytes failed: 仅完成部分的 ReadProcessMemory 或 WriteProcessMemory 请求。 (0x12B)
[0615/134749.895:ERROR:process_memory_win.cc(73)] ReadMemory at 0x82751fb000 of 20480 bytes failed: 仅完成部分的 ReadProcessMemory 或 WriteProcessMemory 请求。 (0x12B)
[0615/134749.895:ERROR:process_memory_win.cc(73)] ReadMemory at 0x82761fd000 of 12288 bytes failed: 仅完成部分的 ReadProcessMemory 或 WriteProcessMemory 请求。 (0x12B)
[0615/134749.895:ERROR:process_memory_win.cc(73)] ReadMemory at 0x82769fd000 of 12288 bytes failed: 仅完成部分的 ReadProcessMemory 或 WriteProcessMemory 请求。 (0x12B)
[0615/134749.895:ERROR:process_memory_win.cc(73)] ReadMemory at 0x82771fd000 of 12288 bytes failed: 仅完成部分的 ReadProcessMemory 或 WriteProcessMemory 请求。 (0x12B)
[0615/134749.895:ERROR:process_memory_win.cc(73)] ReadMemory at 0x82779fd000 of 12288 bytes failed: 仅完成部分的 ReadProcessMemory 或 WriteProcessMemory 请求。 (0x12B)
[0615/134749.895:ERROR:process_memory_win.cc(73)] ReadMemory at 0x82781fd000 of 12288 bytes failed: 仅完成部分的 ReadProcessMemory 或 WriteProcessMemory 请求。 (0x12B)
[0615/134749.895:ERROR:process_memory_win.cc(73)] ReadMemory at 0x82789fd000 of 12288 bytes failed: 仅完成部分的 ReadProcessMemory 或 WriteProcessMemory 请求。 (0x12B)
[0615/134749.895:ERROR:process_memory_win.cc(73)] ReadMemory at 0x82791fc000 of 16384 bytes failed: 仅完成部分的 ReadProcessMemory 或 WriteProcessMemory 请求。 (0x12B)
[0615/134749.895:ERROR:process_memory_win.cc(73)] ReadMemory at 0x82799fc000 of 16384 bytes failed: 仅完成部分的 ReadProcessMemory 或 WriteProcessMemory 请求。 (0x12B)
[0615/134749.895:ERROR:process_memory_win.cc(73)] ReadMemory at 0x827a1fc000 of 16384 bytes failed: 仅完成部分的 ReadProcessMemory 或 WriteProcessMemory 请求。 (0x12B)
[0615/134749.895:ERROR:process_memory_win.cc(73)] ReadMemory at 0x827a9fd000 of 12288 bytes failed: 仅完成部分的 ReadProcessMemory 或 WriteProcessMemory 请求。 (0x12B)
[0615/134749.896:ERROR:process_memory_win.cc(73)] ReadMemory at 0x82759fd000 of 12288 bytes failed: 仅完成部分的 ReadProcessMemory 或 WriteProcessMemory 请求。 (0x12B)
[0615/134749.896:ERROR:process_memory_win.cc(73)] ReadMemory at 0x827b1fd000 of 12288 bytes failed: 仅完成部分的 ReadProcessMemory 或 WriteProcessMemory 请求。 (0x12B)
[0615/134749.896:ERROR:process_memory_win.cc(73)] ReadMemory at 0x827115e000 of 852 bytes failed: 仅完成部分的 ReadProcessMemory 或 WriteProcessMemory 请求。 (0x12B)
[0615/134749.896:ERROR:process_memory_win.cc(73)] ReadMemory at 0x827115f000 of 6024 bytes failed: 仅完成部分的 ReadProcessMemory 或 WriteProcessMemory 请求。 (0x12B)
[0615/134749.896:ERROR:process_memory_win.cc(73)] ReadMemory at 0x8271161000 of 6024 bytes failed: 仅完成部分的 ReadProcessMemory 或 WriteProcessMemory 请求。 (0x12B)
[0615/134749.896:ERROR:process_memory_win.cc(73)] ReadMemory at 0x8271163000 of 6024 bytes failed: 仅完成部分的 ReadProcessMemory 或 WriteProcessMemory 请求。 (0x12B)
[0615/134749.896:ERROR:process_memory_win.cc(73)] ReadMemory at 0x8271165000 of 6024 bytes failed: 仅完成部分的 ReadProcessMemory 或 WriteProcessMemory 请求。 (0x12B)
[0615/134749.896:ERROR:process_memory_win.cc(73)] ReadMemory at 0x8271167000 of 6024 bytes failed: 仅完成部分的 ReadProcessMemory 或 WriteProcessMemory 请求。 (0x12B)
[0615/134749.896:ERROR:process_memory_win.cc(73)] ReadMemory at 0x8271169000 of 6024 bytes failed: 仅完成部分的 ReadProcessMemory 或 WriteProcessMemory 请求。 (0x12B)
[0615/134749.896:ERROR:process_memory_win.cc(73)] ReadMemory at 0x827116b000 of 6024 bytes failed: 仅完成部分的 ReadProcessMemory 或 WriteProcessMemory 请求。 (0x12B)
[0615/134749.896:ERROR:process_memory_win.cc(73)] ReadMemory at 0x827116d000 of 6024 bytes failed: 仅完成部分的 ReadProcessMemory 或 WriteProcessMemory 请求。 (0x12B)
[0615/134749.897:ERROR:process_memory_win.cc(73)] ReadMemory at 0x8271171000 of 6024 bytes failed: 仅完成部分的 ReadProcessMemory 或 WriteProcessMemory 请求。 (0x12B)
[0615/134749.897:ERROR:process_memory_win.cc(73)] ReadMemory at 0x8271173000 of 6024 bytes failed: 仅完成部分的 ReadProcessMemory 或 WriteProcessMemory 请求。 (0x12B)
[0615/134749.897:ERROR:process_memory_win.cc(73)] ReadMemory at 0x8271175000 of 6024 bytes failed: 仅完成部分的 ReadProcessMemory 或 WriteProcessMemory 请求。 (0x12B)
[0615/134749.897:ERROR:process_memory_win.cc(73)] ReadMemory at 0x8271177000 of 6024 bytes failed: 仅完成部分的 ReadProcessMemory 或 WriteProcessMemory 请求。 (0x12B)
[0615/134749.897:ERROR:process_memory_win.cc(73)] ReadMemory at 0x8271179000 of 6024 bytes failed: 仅完成部分的 ReadProcessMemory 或 WriteProcessMemory 请求。 (0x12B)
[0615/134749.897:ERROR:process_memory_win.cc(73)] ReadMemory at 0x827117b000 of 6024 bytes failed: 仅完成部分的 ReadProcessMemory 或 WriteProcessMemory 请求。 (0x12B)
[0615/134749.897:ERROR:process_memory_win.cc(73)] ReadMemory at 0x827117d000 of 6024 bytes failed: 仅完成部分的 ReadProcessMemory 或 WriteProcessMemory 请求。 (0x12B)
[0615/134749.897:ERROR:process_memory_win.cc(73)] ReadMemory at 0x827117f000 of 6024 bytes failed: 仅完成部分的 ReadProcessMemory 或 WriteProcessMemory 请求。 (0x12B)
[0615/134749.897:ERROR:process_memory_win.cc(73)] ReadMemory at 0x8271181000 of 6024 bytes failed: 仅完成部分的 ReadProcessMemory 或 WriteProcessMemory 请求。 (0x12B)
[0615/134749.897:ERROR:process_memory_win.cc(73)] ReadMemory at 0x8271183000 of 6024 bytes failed: 仅完成部分的 ReadProcessMemory 或 WriteProcessMemory 请求。 (0x12B)
[0615/134749.897:ERROR:process_memory_win.cc(73)] ReadMemory at 0x8271185000 of 6024 bytes failed: 仅完成部分的 ReadProcessMemory 或 WriteProcessMemory 请求。 (0x12B)
[0615/134749.897:ERROR:process_memory_win.cc(73)] ReadMemory at 0x8271187000 of 6024 bytes failed: 仅完成部分的 ReadProcessMemory 或 WriteProcessMemory 请求。 (0x12B)
[0615/134749.897:ERROR:process_memory_win.cc(73)] ReadMemory at 0x2592771a65c of 512 bytes failed: 仅完成部分的 ReadProcessMemory 或 WriteProcessMemory 请求。 (0x12B)
[0615/134749.897:ERROR:process_memory_win.cc(73)] ReadMemory at 0x25927727fa0 of 512 bytes failed: 仅完成部分的 ReadProcessMemory 或 WriteProcessMemory 请求。 (0x12B)
[0615/134749.897:ERROR:process_memory_win.cc(73)] ReadMemory at 0x259277458f0 of 512 bytes failed: 仅完成部分的 ReadProcessMemory 或 WriteProcessMemory 请求。 (0x12B)
[0615/134749.897:ERROR:process_memory_win.cc(73)] ReadMemory at 0x25927a70d90 of 512 bytes failed: 仅完成部分的 ReadProcessMemory 或 WriteProcessMemory 请求。 (0x12B)
[0615/134749.897:ERROR:process_memory_win.cc(73)] ReadMemory at 0x25928007470 of 512 bytes failed: 仅完成部分的 ReadProcessMemory 或 WriteProcessMemory 请求。 (0x12B)
[0615/134749.898:ERROR:process_memory_win.cc(73)] ReadMemory at 0x25928007b30 of 512 bytes failed: 仅完成部分的 ReadProcessMemory 或 WriteProcessMemory 请求。 (0x12B)
[0615/134749.898:ERROR:process_memory_win.cc(73)] ReadMemory at 0x2592800f2e0 of 512 bytes failed: 仅完成部分的 ReadProcessMemory 或 WriteProcessMemory 请求。 (0x12B)
[0615/134749.898:ERROR:process_memory_win.cc(73)] ReadMemory at 0x25928014248 of 512 bytes failed: 仅完成部分的 ReadProcessMemory 或 WriteProcessMemory 请求。 (0x12B)
[0615/134749.898:ERROR:process_memory_win.cc(73)] ReadMemory at 0x25928014df0 of 512 bytes failed: 仅完成部分的 ReadProcessMemory 或 WriteProcessMemory 请求。 (0x12B)
[0615/134749.898:ERROR:process_memory_win.cc(73)] ReadMemory at 0x25928021380 of 712 bytes failed: 仅完成部分的 ReadProcessMemory 或 WriteProcessMemory 请求。 (0x12B)
[0615/134749.898:ERROR:process_memory_win.cc(73)] ReadMemory at 0x25929600000 of 384 bytes failed: 仅完成部分的 ReadProcessMemory 或 WriteProcessMemory 请求。 (0x12B)
[0615/134749.898:ERROR:process_memory_win.cc(73)] ReadMemory at 0x25929679ac0 of 512 bytes failed: 仅完成部分的 ReadProcessMemory 或 WriteProcessMemory 请求。 (0x12B)
[0615/134749.898:ERROR:process_memory_win.cc(73)] ReadMemory at 0x2592967b330 of 512 bytes failed: 仅完成部分的 ReadProcessMemory 或 WriteProcessMemory 请求。 (0x12B)
[0615/134749.898:ERROR:process_memory_win.cc(73)] ReadMemory at 0x259297c0440 of 800 bytes failed: 仅完成部分的 ReadProcessMemory 或 WriteProcessMemory 请求。 (0x12B)
[0615/134749.898:ERROR:process_memory_win.cc(73)] ReadMemory at 0x2592a51d770 of 512 bytes failed: 仅完成部分的 ReadProcessMemory 或 WriteProcessMemory 请求。 (0x12B)
[0615/134749.898:ERROR:process_memory_win.cc(73)] ReadMemory at 0x2592a649140 of 512 bytes failed: 仅完成部分的 ReadProcessMemory 或 WriteProcessMemory 请求。 (0x12B)
[0615/134749.898:ERROR:process_memory_win.cc(73)] ReadMemory at 0x2592b69a160 of 512 bytes failed: 仅完成部分的 ReadProcessMemory 或 WriteProcessMemory 请求。 (0x12B)
[0615/134749.898:ERROR:process_memory_win.cc(73)] ReadMemory at 0x2592b82d250 of 512 bytes failed: 仅完成部分的 ReadProcessMemory 或 WriteProcessMemory 请求。 (0x12B)
[0615/134749.898:ERROR:process_memory_win.cc(73)] ReadMemory at 0x2592bf600c0 of 512 bytes failed: 仅完成部分的 ReadProcessMemory 或 WriteProcessMemory 请求。 (0x12B)
[0615/134749.898:ERROR:process_memory_win.cc(73)] ReadMemory at 0x2db9308babe8 of 512 bytes failed: 仅完成部分的 ReadProcessMemory 或 WriteProcessMemory 请求。 (0x12B)
[0615/134749.898:ERROR:process_memory_win.cc(73)] ReadMemory at 0x593408c3ff31 of 512 bytes failed: 仅完成部分的 ReadProcessMemory 或 WriteProcessMemory 请求。 (0x12B)
[0615/134749.898:ERROR:process_memory_win.cc(73)] ReadMemory at 0x7ff936cb4b5a of 512 bytes failed: 仅完成部分的 ReadProcessMemory 或 WriteProcessMemory 请求。 (0x12B)
[0615/134749.899:ERROR:process_memory_win.cc(73)] ReadMemory at 0x7ff939b85dbf of 512 bytes failed: 仅完成部分的 ReadProcessMemory 或 WriteProcessMemory 请求。 (0x12B)
[0615/134749.899:ERROR:process_memory_win.cc(73)] ReadMemory at 0x7ff9aa5fc6e0 of 512 bytes failed: 仅完成部分的 ReadProcessMemory 或 WriteProcessMemory 请求。 (0x12B)
[0615/134749.899:ERROR:process_memory_win.cc(73)] ReadMemory at 0x7ff9ac81c074 of 672 bytes failed: 仅完成部分的 ReadProcessMemory 或 WriteProcessMemory 请求。 (0x12B)
[0615/134749.899:ERROR:process_memory_win.cc(73)] ReadMemory at 0x7ff9ac81c674 of 512 bytes failed: 仅完成部分的 ReadProcessMemory 或 WriteProcessMemory 请求。 (0x12B)
[0615/134749.899:ERROR:process_memory_win.cc(73)] ReadMemory at 0x7ff9ac81f924 of 608 bytes failed: 仅完成部分的 ReadProcessMemory 或 WriteProcessMemory 请求。 (0x12B)
[0615/134749.900:ERROR:scoped_process_suspend.cc(40)] NtResumeProcess: 已尝试访问正在退出的过程。 (0xc000010a)
